<?xml version="1.0" encoding="UTF-8"?>
<testsuite name="test_documents_repor_tests.TestDocumentsReporTest-20260423122525" tests="3" file="test_documents_repor_tests.py" time="0.042" timestamp="2026-04-23T12:25:25" failures="0" errors="0" skipped="0">
	<testcase classname="test_documents_repor_tests.TestDocumentsReporTest" name="test_file_wrong_date" time="0.027" timestamp="2026-04-23T12:25:25"/>
	<testcase classname="test_documents_repor_tests.TestDocumentsReporTest" name="test_report_not_found" time="0.008" timestamp="2026-04-23T12:25:25"/>
	<testcase classname="test_documents_repor_tests.TestDocumentsReporTest" name="test_valid_date" time="0.007" timestamp="2026-04-23T12:25:25"/>
</testsuite>
