<?xml version="1.0" encoding="UTF-8"?>
<testsuite name="test_documents_repor_tests.TestDocumentsReporTest-20260421144446" tests="3" file="test_documents_repor_tests.py" time="0.085" timestamp="2026-04-21T14:44:47" failures="0" errors="0" skipped="0">
	<testcase classname="test_documents_repor_tests.TestDocumentsReporTest" name="test_file_wrong_date" time="0.063" timestamp="2026-04-21T14:44:47"/>
	<testcase classname="test_documents_repor_tests.TestDocumentsReporTest" name="test_report_not_found" time="0.013" timestamp="2026-04-21T14:44:47"/>
	<testcase classname="test_documents_repor_tests.TestDocumentsReporTest" name="test_valid_date" time="0.008" timestamp="2026-04-21T14:44:47"/>
</testsuite>
