<?xml version="1.0" encoding="UTF-8"?>
<testsuite name="test_register_project_tests.TestRegisterProjectTest-20260423130653" tests="12" file="test_register_project_tests.py" time="0.394" timestamp="2026-04-23T13:06:53" failures="10" errors="0" skipped="0">
	<testcase classname="test_register_project_tests.TestRegisterProjectTest" name="test_duplicated_project_test" time="0.006" timestamp="2026-04-23T13:06:53"/>
	<testcase classname="test_register_project_tests.TestRegisterProjectTest" name="test_project_yesterday_test" time="0.006" timestamp="2026-04-23T13:06:53"/>
	<testcase classname="test_register_project_tests.TestRegisterProjectTest" name="test_parametrized_cases_tests [TC1VALID]" time="0.000" timestamp="0001-01-01T00:00:00">
		<failure type="AssertionError" message="'a2425c4782b3775dc643901f20421669' != '196c79ca98bd3308d022c33bab243c88'&#10;- a2425c4782b3775dc643901f20421669&#10;+ 196c79ca98bd3308d022c33bab243c88&#10;"><![CDATA[Traceback (most recent call last):
  File "C:\Users\kwesi\AppData\Local\Programs\Python\Python314\Lib\unittest\case.py", line 58, in testPartExecutor
    yield
  File "C:\Users\kwesi\AppData\Local\Programs\Python\Python314\Lib\unittest\case.py", line 565, in subTest
    yield
  File "c:\users\kwesi\pycharmprojects\g87.2026.t11.ge3\src\unittest\python\test_register_project_tests.py", line 69, in test_parametrized_cases_tests
    self.assertEqual(result, valor)
    
  File "C:\Users\kwesi\AppData\Local\Programs\Python\Python314\Lib\unittest\case.py", line 925, in assertEqual
    assertion_func(first, second, msg=msg)
    ^^^^^^^^^^^^^^^
  File "C:\Users\kwesi\AppData\Local\Programs\Python\Python314\Lib\unittest\case.py", line 1291, in assertMultiLineEqual
    self.fail(self._formatMessage(msg, standardMsg))
    ^^^^^^^^^^^
  File "C:\Users\kwesi\AppData\Local\Programs\Python\Python314\Lib\unittest\case.py", line 750, in fail
    raise self.failureException(msg)
    ^^^^^^^^^^^^^^^
AssertionError: 'a2425c4782b3775dc643901f20421669' != '196c79ca98bd3308d022c33bab243c88'
- a2425c4782b3775dc643901f20421669
+ 196c79ca98bd3308d022c33bab243c88

]]></failure>
	</testcase>
	<testcase classname="test_register_project_tests.TestRegisterProjectTest" name="test_parametrized_cases_tests [TC2VALID]" time="0.000" timestamp="0001-01-01T00:00:00">
		<failure type="AssertionError" message="'81ae6341355c1e9742c407c186098552' != 'd3eecf88efea494f68ad9af35dbba8f3'&#10;- 81ae6341355c1e9742c407c186098552&#10;+ d3eecf88efea494f68ad9af35dbba8f3&#10;"><![CDATA[Traceback (most recent call last):
  File "C:\Users\kwesi\AppData\Local\Programs\Python\Python314\Lib\unittest\case.py", line 58, in testPartExecutor
    yield
  File "C:\Users\kwesi\AppData\Local\Programs\Python\Python314\Lib\unittest\case.py", line 565, in subTest
    yield
  File "c:\users\kwesi\pycharmprojects\g87.2026.t11.ge3\src\unittest\python\test_register_project_tests.py", line 69, in test_parametrized_cases_tests
    self.assertEqual(result, valor)
    
  File "C:\Users\kwesi\AppData\Local\Programs\Python\Python314\Lib\unittest\case.py", line 925, in assertEqual
    assertion_func(first, second, msg=msg)
    ^^^^^^^^^^^^^^^
  File "C:\Users\kwesi\AppData\Local\Programs\Python\Python314\Lib\unittest\case.py", line 1291, in assertMultiLineEqual
    self.fail(self._formatMessage(msg, standardMsg))
    ^^^^^^^^^^^
  File "C:\Users\kwesi\AppData\Local\Programs\Python\Python314\Lib\unittest\case.py", line 750, in fail
    raise self.failureException(msg)
    ^^^^^^^^^^^^^^^
AssertionError: '81ae6341355c1e9742c407c186098552' != 'd3eecf88efea494f68ad9af35dbba8f3'
- 81ae6341355c1e9742c407c186098552
+ d3eecf88efea494f68ad9af35dbba8f3

]]></failure>
	</testcase>
	<testcase classname="test_register_project_tests.TestRegisterProjectTest" name="test_parametrized_cases_tests [TC3VALID]" time="0.000" timestamp="0001-01-01T00:00:00">
		<failure type="AssertionError" message="'08f039c6586fd815d35b6aa367c5f17c' != 'e986c09b853cc1520b94d8c9eefa1afd'&#10;- 08f039c6586fd815d35b6aa367c5f17c&#10;+ e986c09b853cc1520b94d8c9eefa1afd&#10;"><![CDATA[Traceback (most recent call last):
  File "C:\Users\kwesi\AppData\Local\Programs\Python\Python314\Lib\unittest\case.py", line 58, in testPartExecutor
    yield
  File "C:\Users\kwesi\AppData\Local\Programs\Python\Python314\Lib\unittest\case.py", line 565, in subTest
    yield
  File "c:\users\kwesi\pycharmprojects\g87.2026.t11.ge3\src\unittest\python\test_register_project_tests.py", line 69, in test_parametrized_cases_tests
    self.assertEqual(result, valor)
    
  File "C:\Users\kwesi\AppData\Local\Programs\Python\Python314\Lib\unittest\case.py", line 925, in assertEqual
    assertion_func(first, second, msg=msg)
    ^^^^^^^^^^^^^^^
  File "C:\Users\kwesi\AppData\Local\Programs\Python\Python314\Lib\unittest\case.py", line 1291, in assertMultiLineEqual
    self.fail(self._formatMessage(msg, standardMsg))
    ^^^^^^^^^^^
  File "C:\Users\kwesi\AppData\Local\Programs\Python\Python314\Lib\unittest\case.py", line 750, in fail
    raise self.failureException(msg)
    ^^^^^^^^^^^^^^^
AssertionError: '08f039c6586fd815d35b6aa367c5f17c' != 'e986c09b853cc1520b94d8c9eefa1afd'
- 08f039c6586fd815d35b6aa367c5f17c
+ e986c09b853cc1520b94d8c9eefa1afd

]]></failure>
	</testcase>
	<testcase classname="test_register_project_tests.TestRegisterProjectTest" name="test_parametrized_cases_tests [TC4VALID]" time="0.000" timestamp="0001-01-01T00:00:00">
		<failure type="AssertionError" message="'1ef710e3f7196e7e0164d8455402cdb7' != 'e9f59e16f1b362a0f6cf69b9b08a6e47'&#10;- 1ef710e3f7196e7e0164d8455402cdb7&#10;+ e9f59e16f1b362a0f6cf69b9b08a6e47&#10;"><![CDATA[Traceback (most recent call last):
  File "C:\Users\kwesi\AppData\Local\Programs\Python\Python314\Lib\unittest\case.py", line 58, in testPartExecutor
    yield
  File "C:\Users\kwesi\AppData\Local\Programs\Python\Python314\Lib\unittest\case.py", line 565, in subTest
    yield
  File "c:\users\kwesi\pycharmprojects\g87.2026.t11.ge3\src\unittest\python\test_register_project_tests.py", line 69, in test_parametrized_cases_tests
    self.assertEqual(result, valor)
    
  File "C:\Users\kwesi\AppData\Local\Programs\Python\Python314\Lib\unittest\case.py", line 925, in assertEqual
    assertion_func(first, second, msg=msg)
    ^^^^^^^^^^^^^^^
  File "C:\Users\kwesi\AppData\Local\Programs\Python\Python314\Lib\unittest\case.py", line 1291, in assertMultiLineEqual
    self.fail(self._formatMessage(msg, standardMsg))
    ^^^^^^^^^^^
  File "C:\Users\kwesi\AppData\Local\Programs\Python\Python314\Lib\unittest\case.py", line 750, in fail
    raise self.failureException(msg)
    ^^^^^^^^^^^^^^^
AssertionError: '1ef710e3f7196e7e0164d8455402cdb7' != 'e9f59e16f1b362a0f6cf69b9b08a6e47'
- 1ef710e3f7196e7e0164d8455402cdb7
+ e9f59e16f1b362a0f6cf69b9b08a6e47

]]></failure>
	</testcase>
	<testcase classname="test_register_project_tests.TestRegisterProjectTest" name="test_parametrized_cases_tests [TC5VALID]" time="0.000" timestamp="0001-01-01T00:00:00">
		<failure type="AssertionError" message="'e08239a1ab40ccc2a6f84c501b353cdb' != '3d20885a5c5c508c55a162df398cc3fd'&#10;- e08239a1ab40ccc2a6f84c501b353cdb&#10;+ 3d20885a5c5c508c55a162df398cc3fd&#10;"><![CDATA[Traceback (most recent call last):
  File "C:\Users\kwesi\AppData\Local\Programs\Python\Python314\Lib\unittest\case.py", line 58, in testPartExecutor
    yield
  File "C:\Users\kwesi\AppData\Local\Programs\Python\Python314\Lib\unittest\case.py", line 565, in subTest
    yield
  File "c:\users\kwesi\pycharmprojects\g87.2026.t11.ge3\src\unittest\python\test_register_project_tests.py", line 69, in test_parametrized_cases_tests
    self.assertEqual(result, valor)
    
  File "C:\Users\kwesi\AppData\Local\Programs\Python\Python314\Lib\unittest\case.py", line 925, in assertEqual
    assertion_func(first, second, msg=msg)
    ^^^^^^^^^^^^^^^
  File "C:\Users\kwesi\AppData\Local\Programs\Python\Python314\Lib\unittest\case.py", line 1291, in assertMultiLineEqual
    self.fail(self._formatMessage(msg, standardMsg))
    ^^^^^^^^^^^
  File "C:\Users\kwesi\AppData\Local\Programs\Python\Python314\Lib\unittest\case.py", line 750, in fail
    raise self.failureException(msg)
    ^^^^^^^^^^^^^^^
AssertionError: 'e08239a1ab40ccc2a6f84c501b353cdb' != '3d20885a5c5c508c55a162df398cc3fd'
- e08239a1ab40ccc2a6f84c501b353cdb
+ 3d20885a5c5c508c55a162df398cc3fd

]]></failure>
	</testcase>
	<testcase classname="test_register_project_tests.TestRegisterProjectTest" name="test_parametrized_cases_tests [TC6VALID]" time="0.000" timestamp="0001-01-01T00:00:00">
		<failure type="AssertionError" message="'3af7320f6615099c0e7194a4d8ab6aa8' != '561302b106219792cbbbbf586dbb0531'&#10;- 3af7320f6615099c0e7194a4d8ab6aa8&#10;+ 561302b106219792cbbbbf586dbb0531&#10;"><![CDATA[Traceback (most recent call last):
  File "C:\Users\kwesi\AppData\Local\Programs\Python\Python314\Lib\unittest\case.py", line 58, in testPartExecutor
    yield
  File "C:\Users\kwesi\AppData\Local\Programs\Python\Python314\Lib\unittest\case.py", line 565, in subTest
    yield
  File "c:\users\kwesi\pycharmprojects\g87.2026.t11.ge3\src\unittest\python\test_register_project_tests.py", line 69, in test_parametrized_cases_tests
    self.assertEqual(result, valor)
    
  File "C:\Users\kwesi\AppData\Local\Programs\Python\Python314\Lib\unittest\case.py", line 925, in assertEqual
    assertion_func(first, second, msg=msg)
    ^^^^^^^^^^^^^^^
  File "C:\Users\kwesi\AppData\Local\Programs\Python\Python314\Lib\unittest\case.py", line 1291, in assertMultiLineEqual
    self.fail(self._formatMessage(msg, standardMsg))
    ^^^^^^^^^^^
  File "C:\Users\kwesi\AppData\Local\Programs\Python\Python314\Lib\unittest\case.py", line 750, in fail
    raise self.failureException(msg)
    ^^^^^^^^^^^^^^^
AssertionError: '3af7320f6615099c0e7194a4d8ab6aa8' != '561302b106219792cbbbbf586dbb0531'
- 3af7320f6615099c0e7194a4d8ab6aa8
+ 561302b106219792cbbbbf586dbb0531

]]></failure>
	</testcase>
	<testcase classname="test_register_project_tests.TestRegisterProjectTest" name="test_parametrized_cases_tests [TC7VALID]" time="0.000" timestamp="0001-01-01T00:00:00">
		<failure type="AssertionError" message="'63bdbf992d2b593fabf85c9c93b679f4' != '0a58b835ce15cc6237b53330a28f0241'&#10;- 63bdbf992d2b593fabf85c9c93b679f4&#10;+ 0a58b835ce15cc6237b53330a28f0241&#10;"><![CDATA[Traceback (most recent call last):
  File "C:\Users\kwesi\AppData\Local\Programs\Python\Python314\Lib\unittest\case.py", line 58, in testPartExecutor
    yield
  File "C:\Users\kwesi\AppData\Local\Programs\Python\Python314\Lib\unittest\case.py", line 565, in subTest
    yield
  File "c:\users\kwesi\pycharmprojects\g87.2026.t11.ge3\src\unittest\python\test_register_project_tests.py", line 69, in test_parametrized_cases_tests
    self.assertEqual(result, valor)
    
  File "C:\Users\kwesi\AppData\Local\Programs\Python\Python314\Lib\unittest\case.py", line 925, in assertEqual
    assertion_func(first, second, msg=msg)
    ^^^^^^^^^^^^^^^
  File "C:\Users\kwesi\AppData\Local\Programs\Python\Python314\Lib\unittest\case.py", line 1291, in assertMultiLineEqual
    self.fail(self._formatMessage(msg, standardMsg))
    ^^^^^^^^^^^
  File "C:\Users\kwesi\AppData\Local\Programs\Python\Python314\Lib\unittest\case.py", line 750, in fail
    raise self.failureException(msg)
    ^^^^^^^^^^^^^^^
AssertionError: '63bdbf992d2b593fabf85c9c93b679f4' != '0a58b835ce15cc6237b53330a28f0241'
- 63bdbf992d2b593fabf85c9c93b679f4
+ 0a58b835ce15cc6237b53330a28f0241

]]></failure>
	</testcase>
	<testcase classname="test_register_project_tests.TestRegisterProjectTest" name="test_parametrized_cases_tests [TC8VALID]" time="0.356" timestamp="2026-04-23T13:06:53">
		<failure type="AssertionError" message="'96c412730deca9c55cb665f98448a324' != 'd329dbcef2aa24eacfe3eab1fa34a5d6'&#10;- 96c412730deca9c55cb665f98448a324&#10;+ d329dbcef2aa24eacfe3eab1fa34a5d6&#10;"><![CDATA[Traceback (most recent call last):
  File "C:\Users\kwesi\AppData\Local\Programs\Python\Python314\Lib\unittest\case.py", line 58, in testPartExecutor
    yield
  File "C:\Users\kwesi\AppData\Local\Programs\Python\Python314\Lib\unittest\case.py", line 565, in subTest
    yield
  File "c:\users\kwesi\pycharmprojects\g87.2026.t11.ge3\src\unittest\python\test_register_project_tests.py", line 69, in test_parametrized_cases_tests
    self.assertEqual(result, valor)
    
  File "C:\Users\kwesi\AppData\Local\Programs\Python\Python314\Lib\unittest\case.py", line 925, in assertEqual
    assertion_func(first, second, msg=msg)
    ^^^^^^^^^^^^^^^
  File "C:\Users\kwesi\AppData\Local\Programs\Python\Python314\Lib\unittest\case.py", line 1291, in assertMultiLineEqual
    self.fail(self._formatMessage(msg, standardMsg))
    ^^^^^^^^^^^
  File "C:\Users\kwesi\AppData\Local\Programs\Python\Python314\Lib\unittest\case.py", line 750, in fail
    raise self.failureException(msg)
    ^^^^^^^^^^^^^^^
AssertionError: '96c412730deca9c55cb665f98448a324' != 'd329dbcef2aa24eacfe3eab1fa34a5d6'
- 96c412730deca9c55cb665f98448a324
+ d329dbcef2aa24eacfe3eab1fa34a5d6

]]></failure>
	</testcase>
	<testcase classname="test_register_project_tests.TestRegisterProjectTest" name="test_project_for_today" time="0.015" timestamp="2026-04-23T13:06:53">
		<failure type="AssertionError" message="'6ad10748f3c9137c0f22ff7d4eed8d19' != 'ed7bc0d322a39eae6053db8692d86052'&#10;- 6ad10748f3c9137c0f22ff7d4eed8d19&#10;+ ed7bc0d322a39eae6053db8692d86052&#10;"><![CDATA[Traceback (most recent call last):
  File "C:\Users\kwesi\AppData\Local\Programs\Python\Python314\Lib\unittest\case.py", line 58, in testPartExecutor
    yield
  File "C:\Users\kwesi\AppData\Local\Programs\Python\Python314\Lib\unittest\case.py", line 669, in run
    self._callTestMethod(testMethod)
    
  File "C:\Users\kwesi\AppData\Local\Programs\Python\Python314\Lib\unittest\case.py", line 615, in _callTestMethod
    result = method()
    ^^^^^^^^^^^^^^^
  File "C:\Users\kwesi\PycharmProjects\G87.2026.T11.GE3\.venv\Lib\site-packages\freezegun\api.py", line 951, in wrapper
    return self._call_with_time_factory(time_factory, func=func, args=args, kwargs=kwargs)
    ^^^^^^^
  File "C:\Users\kwesi\PycharmProjects\G87.2026.T11.GE3\.venv\Lib\site-packages\freezegun\api.py", line 934, in _call_with_time_factory
    result = func(*args, **kwargs)
    ^^^^^^^^^^^
  File "c:\users\kwesi\pycharmprojects\g87.2026.t11.ge3\src\unittest\python\test_register_project_tests.py", line 174, in test_project_for_today
    self.assertEqual("6ad10748f3c9137c0f22ff7d4eed8d19",my_request)
    ^^^^^^^^^^^^^^^
  File "C:\Users\kwesi\AppData\Local\Programs\Python\Python314\Lib\unittest\case.py", line 925, in assertEqual
    assertion_func(first, second, msg=msg)
    ^^^^^^^^^^^^^^^
  File "C:\Users\kwesi\AppData\Local\Programs\Python\Python314\Lib\unittest\case.py", line 1291, in assertMultiLineEqual
    self.fail(self._formatMessage(msg, standardMsg))
    ^^^^^^^^^^^
  File "C:\Users\kwesi\AppData\Local\Programs\Python\Python314\Lib\unittest\case.py", line 750, in fail
    raise self.failureException(msg)
    ^^^^^^^^^^^^^^^
AssertionError: '6ad10748f3c9137c0f22ff7d4eed8d19' != 'ed7bc0d322a39eae6053db8692d86052'
- 6ad10748f3c9137c0f22ff7d4eed8d19
+ ed7bc0d322a39eae6053db8692d86052

]]></failure>
	</testcase>
	<testcase classname="test_register_project_tests.TestRegisterProjectTest" name="test_project_for_tomorrow" time="0.012" timestamp="2026-04-23T13:06:53">
		<failure type="AssertionError" message="'8aab556991e7b0f1361b72e3ab17fa81' != 'd0019a560494cec4a8eaa6025f937725'&#10;- 8aab556991e7b0f1361b72e3ab17fa81&#10;+ d0019a560494cec4a8eaa6025f937725&#10;"><![CDATA[Traceback (most recent call last):
  File "C:\Users\kwesi\AppData\Local\Programs\Python\Python314\Lib\unittest\case.py", line 58, in testPartExecutor
    yield
  File "C:\Users\kwesi\AppData\Local\Programs\Python\Python314\Lib\unittest\case.py", line 669, in run
    self._callTestMethod(testMethod)
    
  File "C:\Users\kwesi\AppData\Local\Programs\Python\Python314\Lib\unittest\case.py", line 615, in _callTestMethod
    result = method()
    ^^^^^^^^^^^^^^^
  File "C:\Users\kwesi\PycharmProjects\G87.2026.T11.GE3\.venv\Lib\site-packages\freezegun\api.py", line 951, in wrapper
    return self._call_with_time_factory(time_factory, func=func, args=args, kwargs=kwargs)
    ^^^^^^^
  File "C:\Users\kwesi\PycharmProjects\G87.2026.T11.GE3\.venv\Lib\site-packages\freezegun\api.py", line 934, in _call_with_time_factory
    result = func(*args, **kwargs)
    ^^^^^^^^^^^
  File "c:\users\kwesi\pycharmprojects\g87.2026.t11.ge3\src\unittest\python\test_register_project_tests.py", line 208, in test_project_for_tomorrow
    self.assertEqual("8aab556991e7b0f1361b72e3ab17fa81", my_request)
    ^^^^^^^^^^^^^^^
  File "C:\Users\kwesi\AppData\Local\Programs\Python\Python314\Lib\unittest\case.py", line 925, in assertEqual
    assertion_func(first, second, msg=msg)
    ^^^^^^^^^^^^^^^
  File "C:\Users\kwesi\AppData\Local\Programs\Python\Python314\Lib\unittest\case.py", line 1291, in assertMultiLineEqual
    self.fail(self._formatMessage(msg, standardMsg))
    ^^^^^^^^^^^
  File "C:\Users\kwesi\AppData\Local\Programs\Python\Python314\Lib\unittest\case.py", line 750, in fail
    raise self.failureException(msg)
    ^^^^^^^^^^^^^^^
AssertionError: '8aab556991e7b0f1361b72e3ab17fa81' != 'd0019a560494cec4a8eaa6025f937725'
- 8aab556991e7b0f1361b72e3ab17fa81
+ d0019a560494cec4a8eaa6025f937725

]]></failure>
	</testcase>
</testsuite>
