<?xml version="1.0" encoding="UTF-8"?>
<testsuite name="test_register_project_tests.TestRegisterProjectTest-20260423122934" tests="5" file="test_register_project_tests.py" time="0.299" timestamp="2026-04-23T12:29:34" failures="0" errors="0" skipped="0">
	<testcase classname="test_register_project_tests.TestRegisterProjectTest" name="test_duplicated_project_test" time="0.007" timestamp="2026-04-23T12:29:34"/>
	<testcase classname="test_register_project_tests.TestRegisterProjectTest" name="test_parametrized_cases_tests" time="0.275" timestamp="2026-04-23T12:29:34"/>
	<testcase classname="test_register_project_tests.TestRegisterProjectTest" name="test_project_for_today" time="0.007" timestamp="2026-04-23T12:29:34"/>
	<testcase classname="test_register_project_tests.TestRegisterProjectTest" name="test_project_for_tomorrow" time="0.005" timestamp="2026-04-23T12:29:34"/>
	<testcase classname="test_register_project_tests.TestRegisterProjectTest" name="test_project_yesterday_test" time="0.004" timestamp="2026-04-23T12:29:34"/>
</testsuite>
