<?xml version="1.0" encoding="UTF-8"?>
<testsuite name="test_register_project_tests.TestRegisterProjectTest-20260423125048" tests="5" file="test_register_project_tests.py" time="0.343" timestamp="2026-04-23T12:50:49" failures="0" errors="0" skipped="0">
	<testcase classname="test_register_project_tests.TestRegisterProjectTest" name="test_duplicated_project_test" time="0.021" timestamp="2026-04-23T12:50:49"/>
	<testcase classname="test_register_project_tests.TestRegisterProjectTest" name="test_parametrized_cases_tests" time="0.296" timestamp="2026-04-23T12:50:49"/>
	<testcase classname="test_register_project_tests.TestRegisterProjectTest" name="test_project_for_today" time="0.009" timestamp="2026-04-23T12:50:49"/>
	<testcase classname="test_register_project_tests.TestRegisterProjectTest" name="test_project_for_tomorrow" time="0.007" timestamp="2026-04-23T12:50:49"/>
	<testcase classname="test_register_project_tests.TestRegisterProjectTest" name="test_project_yesterday_test" time="0.011" timestamp="2026-04-23T12:50:49"/>
</testsuite>
