<?xml version="1.0" encoding="UTF-8"?>
<testsuite name="test_register_project_tests.TestRegisterProjectTest-20260423120441" tests="56" file="test_register_project_tests.py" time="0.427" timestamp="2026-04-23T12:04:42" failures="0" errors="56" skipped="0">
	<testcase classname="test_register_project_tests.TestRegisterProjectTest" name="test_duplicated_project_test" time="0.012" timestamp="2026-04-23T12:04:42">
		<error type="NameError" message="name 'c' is not defined"><![CDATA[Traceback (most recent call last):
  File "C:\Users\kwesi\AppData\Local\Programs\Python\Python314\Lib\unittest\case.py", line 58, in testPartExecutor
    yield
  File "C:\Users\kwesi\AppData\Local\Programs\Python\Python314\Lib\unittest\case.py", line 669, in run
    self._callTestMethod(testMethod)
    
  File "C:\Users\kwesi\AppData\Local\Programs\Python\Python314\Lib\unittest\case.py", line 615, in _callTestMethod
    result = method()
    ^^^^^^^^^^^^^^^
  File "C:\Users\kwesi\PycharmProjects\G87.2026.T11.GE3\.venv\Lib\site-packages\freezegun\api.py", line 951, in wrapper
    return self._call_with_time_factory(time_factory, func=func, args=args, kwargs=kwargs)
    ^^^^^^^
  File "C:\Users\kwesi\PycharmProjects\G87.2026.T11.GE3\.venv\Lib\site-packages\freezegun\api.py", line 934, in _call_with_time_factory
    result = func(*args, **kwargs)
    ^^^^^^^^^^^
  File "c:\users\kwesi\pycharmprojects\g87.2026.t11.ge3\src\unittest\python\test_register_project_tests.py", line 129, in test_duplicated_project_test
    mngr.register_project(company_cif=enterprise_cif,
    ^^^^^^^^^^^^^^^
  File "c:\users\kwesi\pycharmprojects\g87.2026.t11.ge3\src\main\python\uc3m_consulting\enterprise_manager.py", line 91, in register_project
    self.validate_cif(company_cif)
    ^^^^^^^^^^^^^^^
  File "c:\users\kwesi\pycharmprojects\g87.2026.t11.ge3\src\main\python\uc3m_consulting\enterprise_manager.py", line 25, in validate_cif
    if not p.fullmatch(c):
    ^^^^^^^^^^^^^^^
NameError: name 'c' is not defined
]]></error>
	</testcase>
	<testcase classname="test_register_project_tests.TestRegisterProjectTest" name="test_parametrized_cases_tests [TC1VALID]" time="0.000" timestamp="0001-01-01T00:00:00">
		<error type="NameError" message="name 'c' is not defined"><![CDATA[Traceback (most recent call last):
  File "C:\Users\kwesi\AppData\Local\Programs\Python\Python314\Lib\unittest\case.py", line 58, in testPartExecutor
    yield
  File "C:\Users\kwesi\AppData\Local\Programs\Python\Python314\Lib\unittest\case.py", line 565, in subTest
    yield
  File "c:\users\kwesi\pycharmprojects\g87.2026.t11.ge3\src\unittest\python\test_register_project_tests.py", line 63, in test_parametrized_cases_tests
    valor = mngr.register_project(company_cif=enterprise_cif,
    
  File "c:\users\kwesi\pycharmprojects\g87.2026.t11.ge3\src\main\python\uc3m_consulting\enterprise_manager.py", line 91, in register_project
    self.validate_cif(company_cif)
    ^^^^^^^^^^^^^^^
  File "c:\users\kwesi\pycharmprojects\g87.2026.t11.ge3\src\main\python\uc3m_consulting\enterprise_manager.py", line 25, in validate_cif
    if not p.fullmatch(c):
    ^^^^^^^^^^^^^^^
NameError: name 'c' is not defined
]]></error>
	</testcase>
	<testcase classname="test_register_project_tests.TestRegisterProjectTest" name="test_parametrized_cases_tests [TC2VALID]" time="0.000" timestamp="0001-01-01T00:00:00">
		<error type="NameError" message="name 'c' is not defined"><![CDATA[Traceback (most recent call last):
  File "C:\Users\kwesi\AppData\Local\Programs\Python\Python314\Lib\unittest\case.py", line 58, in testPartExecutor
    yield
  File "C:\Users\kwesi\AppData\Local\Programs\Python\Python314\Lib\unittest\case.py", line 565, in subTest
    yield
  File "c:\users\kwesi\pycharmprojects\g87.2026.t11.ge3\src\unittest\python\test_register_project_tests.py", line 63, in test_parametrized_cases_tests
    valor = mngr.register_project(company_cif=enterprise_cif,
    
  File "c:\users\kwesi\pycharmprojects\g87.2026.t11.ge3\src\main\python\uc3m_consulting\enterprise_manager.py", line 91, in register_project
    self.validate_cif(company_cif)
    ^^^^^^^^^^^^^^^
  File "c:\users\kwesi\pycharmprojects\g87.2026.t11.ge3\src\main\python\uc3m_consulting\enterprise_manager.py", line 25, in validate_cif
    if not p.fullmatch(c):
    ^^^^^^^^^^^^^^^
NameError: name 'c' is not defined
]]></error>
	</testcase>
	<testcase classname="test_register_project_tests.TestRegisterProjectTest" name="test_parametrized_cases_tests [TC3VALID]" time="0.000" timestamp="0001-01-01T00:00:00">
		<error type="NameError" message="name 'c' is not defined"><![CDATA[Traceback (most recent call last):
  File "C:\Users\kwesi\AppData\Local\Programs\Python\Python314\Lib\unittest\case.py", line 58, in testPartExecutor
    yield
  File "C:\Users\kwesi\AppData\Local\Programs\Python\Python314\Lib\unittest\case.py", line 565, in subTest
    yield
  File "c:\users\kwesi\pycharmprojects\g87.2026.t11.ge3\src\unittest\python\test_register_project_tests.py", line 63, in test_parametrized_cases_tests
    valor = mngr.register_project(company_cif=enterprise_cif,
    
  File "c:\users\kwesi\pycharmprojects\g87.2026.t11.ge3\src\main\python\uc3m_consulting\enterprise_manager.py", line 91, in register_project
    self.validate_cif(company_cif)
    ^^^^^^^^^^^^^^^
  File "c:\users\kwesi\pycharmprojects\g87.2026.t11.ge3\src\main\python\uc3m_consulting\enterprise_manager.py", line 25, in validate_cif
    if not p.fullmatch(c):
    ^^^^^^^^^^^^^^^
NameError: name 'c' is not defined
]]></error>
	</testcase>
	<testcase classname="test_register_project_tests.TestRegisterProjectTest" name="test_parametrized_cases_tests [TC4VALID]" time="0.000" timestamp="0001-01-01T00:00:00">
		<error type="NameError" message="name 'c' is not defined"><![CDATA[Traceback (most recent call last):
  File "C:\Users\kwesi\AppData\Local\Programs\Python\Python314\Lib\unittest\case.py", line 58, in testPartExecutor
    yield
  File "C:\Users\kwesi\AppData\Local\Programs\Python\Python314\Lib\unittest\case.py", line 565, in subTest
    yield
  File "c:\users\kwesi\pycharmprojects\g87.2026.t11.ge3\src\unittest\python\test_register_project_tests.py", line 63, in test_parametrized_cases_tests
    valor = mngr.register_project(company_cif=enterprise_cif,
    
  File "c:\users\kwesi\pycharmprojects\g87.2026.t11.ge3\src\main\python\uc3m_consulting\enterprise_manager.py", line 91, in register_project
    self.validate_cif(company_cif)
    ^^^^^^^^^^^^^^^
  File "c:\users\kwesi\pycharmprojects\g87.2026.t11.ge3\src\main\python\uc3m_consulting\enterprise_manager.py", line 25, in validate_cif
    if not p.fullmatch(c):
    ^^^^^^^^^^^^^^^
NameError: name 'c' is not defined
]]></error>
	</testcase>
	<testcase classname="test_register_project_tests.TestRegisterProjectTest" name="test_parametrized_cases_tests [TC5VALID]" time="0.000" timestamp="0001-01-01T00:00:00">
		<error type="NameError" message="name 'c' is not defined"><![CDATA[Traceback (most recent call last):
  File "C:\Users\kwesi\AppData\Local\Programs\Python\Python314\Lib\unittest\case.py", line 58, in testPartExecutor
    yield
  File "C:\Users\kwesi\AppData\Local\Programs\Python\Python314\Lib\unittest\case.py", line 565, in subTest
    yield
  File "c:\users\kwesi\pycharmprojects\g87.2026.t11.ge3\src\unittest\python\test_register_project_tests.py", line 63, in test_parametrized_cases_tests
    valor = mngr.register_project(company_cif=enterprise_cif,
    
  File "c:\users\kwesi\pycharmprojects\g87.2026.t11.ge3\src\main\python\uc3m_consulting\enterprise_manager.py", line 91, in register_project
    self.validate_cif(company_cif)
    ^^^^^^^^^^^^^^^
  File "c:\users\kwesi\pycharmprojects\g87.2026.t11.ge3\src\main\python\uc3m_consulting\enterprise_manager.py", line 25, in validate_cif
    if not p.fullmatch(c):
    ^^^^^^^^^^^^^^^
NameError: name 'c' is not defined
]]></error>
	</testcase>
	<testcase classname="test_register_project_tests.TestRegisterProjectTest" name="test_parametrized_cases_tests [TC6VALID]" time="0.000" timestamp="0001-01-01T00:00:00">
		<error type="NameError" message="name 'c' is not defined"><![CDATA[Traceback (most recent call last):
  File "C:\Users\kwesi\AppData\Local\Programs\Python\Python314\Lib\unittest\case.py", line 58, in testPartExecutor
    yield
  File "C:\Users\kwesi\AppData\Local\Programs\Python\Python314\Lib\unittest\case.py", line 565, in subTest
    yield
  File "c:\users\kwesi\pycharmprojects\g87.2026.t11.ge3\src\unittest\python\test_register_project_tests.py", line 63, in test_parametrized_cases_tests
    valor = mngr.register_project(company_cif=enterprise_cif,
    
  File "c:\users\kwesi\pycharmprojects\g87.2026.t11.ge3\src\main\python\uc3m_consulting\enterprise_manager.py", line 91, in register_project
    self.validate_cif(company_cif)
    ^^^^^^^^^^^^^^^
  File "c:\users\kwesi\pycharmprojects\g87.2026.t11.ge3\src\main\python\uc3m_consulting\enterprise_manager.py", line 25, in validate_cif
    if not p.fullmatch(c):
    ^^^^^^^^^^^^^^^
NameError: name 'c' is not defined
]]></error>
	</testcase>
	<testcase classname="test_register_project_tests.TestRegisterProjectTest" name="test_parametrized_cases_tests [TC7VALID]" time="0.000" timestamp="0001-01-01T00:00:00">
		<error type="NameError" message="name 'c' is not defined"><![CDATA[Traceback (most recent call last):
  File "C:\Users\kwesi\AppData\Local\Programs\Python\Python314\Lib\unittest\case.py", line 58, in testPartExecutor
    yield
  File "C:\Users\kwesi\AppData\Local\Programs\Python\Python314\Lib\unittest\case.py", line 565, in subTest
    yield
  File "c:\users\kwesi\pycharmprojects\g87.2026.t11.ge3\src\unittest\python\test_register_project_tests.py", line 63, in test_parametrized_cases_tests
    valor = mngr.register_project(company_cif=enterprise_cif,
    
  File "c:\users\kwesi\pycharmprojects\g87.2026.t11.ge3\src\main\python\uc3m_consulting\enterprise_manager.py", line 91, in register_project
    self.validate_cif(company_cif)
    ^^^^^^^^^^^^^^^
  File "c:\users\kwesi\pycharmprojects\g87.2026.t11.ge3\src\main\python\uc3m_consulting\enterprise_manager.py", line 25, in validate_cif
    if not p.fullmatch(c):
    ^^^^^^^^^^^^^^^
NameError: name 'c' is not defined
]]></error>
	</testcase>
	<testcase classname="test_register_project_tests.TestRegisterProjectTest" name="test_parametrized_cases_tests [TC8VALID]" time="0.000" timestamp="0001-01-01T00:00:00">
		<error type="NameError" message="name 'c' is not defined"><![CDATA[Traceback (most recent call last):
  File "C:\Users\kwesi\AppData\Local\Programs\Python\Python314\Lib\unittest\case.py", line 58, in testPartExecutor
    yield
  File "C:\Users\kwesi\AppData\Local\Programs\Python\Python314\Lib\unittest\case.py", line 565, in subTest
    yield
  File "c:\users\kwesi\pycharmprojects\g87.2026.t11.ge3\src\unittest\python\test_register_project_tests.py", line 63, in test_parametrized_cases_tests
    valor = mngr.register_project(company_cif=enterprise_cif,
    
  File "c:\users\kwesi\pycharmprojects\g87.2026.t11.ge3\src\main\python\uc3m_consulting\enterprise_manager.py", line 91, in register_project
    self.validate_cif(company_cif)
    ^^^^^^^^^^^^^^^
  File "c:\users\kwesi\pycharmprojects\g87.2026.t11.ge3\src\main\python\uc3m_consulting\enterprise_manager.py", line 25, in validate_cif
    if not p.fullmatch(c):
    ^^^^^^^^^^^^^^^
NameError: name 'c' is not defined
]]></error>
	</testcase>
	<testcase classname="test_register_project_tests.TestRegisterProjectTest" name="test_parametrized_cases_tests [TC9INVALID]" time="0.000" timestamp="0001-01-01T00:00:00">
		<error type="NameError" message="name 'c' is not defined"><![CDATA[Traceback (most recent call last):
  File "C:\Users\kwesi\AppData\Local\Programs\Python\Python314\Lib\unittest\case.py", line 58, in testPartExecutor
    yield
  File "C:\Users\kwesi\AppData\Local\Programs\Python\Python314\Lib\unittest\case.py", line 565, in subTest
    yield
  File "c:\users\kwesi\pycharmprojects\g87.2026.t11.ge3\src\unittest\python\test_register_project_tests.py", line 98, in test_parametrized_cases_tests
    valor = mngr.register_project(company_cif=enterprise_cif,
    
  File "c:\users\kwesi\pycharmprojects\g87.2026.t11.ge3\src\main\python\uc3m_consulting\enterprise_manager.py", line 91, in register_project
    self.validate_cif(company_cif)
    ^^^^^^^^^^^^^^^
  File "c:\users\kwesi\pycharmprojects\g87.2026.t11.ge3\src\main\python\uc3m_consulting\enterprise_manager.py", line 25, in validate_cif
    if not p.fullmatch(c):
    ^^^^^^^^^^^^^^^
NameError: name 'c' is not defined
]]></error>
	</testcase>
	<testcase classname="test_register_project_tests.TestRegisterProjectTest" name="test_parametrized_cases_tests [TC10INVALID]" time="0.000" timestamp="0001-01-01T00:00:00">
		<error type="NameError" message="name 'c' is not defined"><![CDATA[Traceback (most recent call last):
  File "C:\Users\kwesi\AppData\Local\Programs\Python\Python314\Lib\unittest\case.py", line 58, in testPartExecutor
    yield
  File "C:\Users\kwesi\AppData\Local\Programs\Python\Python314\Lib\unittest\case.py", line 565, in subTest
    yield
  File "c:\users\kwesi\pycharmprojects\g87.2026.t11.ge3\src\unittest\python\test_register_project_tests.py", line 98, in test_parametrized_cases_tests
    valor = mngr.register_project(company_cif=enterprise_cif,
    
  File "c:\users\kwesi\pycharmprojects\g87.2026.t11.ge3\src\main\python\uc3m_consulting\enterprise_manager.py", line 91, in register_project
    self.validate_cif(company_cif)
    ^^^^^^^^^^^^^^^
  File "c:\users\kwesi\pycharmprojects\g87.2026.t11.ge3\src\main\python\uc3m_consulting\enterprise_manager.py", line 25, in validate_cif
    if not p.fullmatch(c):
    ^^^^^^^^^^^^^^^
NameError: name 'c' is not defined
]]></error>
	</testcase>
	<testcase classname="test_register_project_tests.TestRegisterProjectTest" name="test_parametrized_cases_tests [TC11INVALID]" time="0.000" timestamp="0001-01-01T00:00:00">
		<error type="NameError" message="name 'c' is not defined"><![CDATA[Traceback (most recent call last):
  File "C:\Users\kwesi\AppData\Local\Programs\Python\Python314\Lib\unittest\case.py", line 58, in testPartExecutor
    yield
  File "C:\Users\kwesi\AppData\Local\Programs\Python\Python314\Lib\unittest\case.py", line 565, in subTest
    yield
  File "c:\users\kwesi\pycharmprojects\g87.2026.t11.ge3\src\unittest\python\test_register_project_tests.py", line 98, in test_parametrized_cases_tests
    valor = mngr.register_project(company_cif=enterprise_cif,
    
  File "c:\users\kwesi\pycharmprojects\g87.2026.t11.ge3\src\main\python\uc3m_consulting\enterprise_manager.py", line 91, in register_project
    self.validate_cif(company_cif)
    ^^^^^^^^^^^^^^^
  File "c:\users\kwesi\pycharmprojects\g87.2026.t11.ge3\src\main\python\uc3m_consulting\enterprise_manager.py", line 25, in validate_cif
    if not p.fullmatch(c):
    ^^^^^^^^^^^^^^^
NameError: name 'c' is not defined
]]></error>
	</testcase>
	<testcase classname="test_register_project_tests.TestRegisterProjectTest" name="test_parametrized_cases_tests [TC12INVALID]" time="0.000" timestamp="0001-01-01T00:00:00">
		<error type="NameError" message="name 'c' is not defined"><![CDATA[Traceback (most recent call last):
  File "C:\Users\kwesi\AppData\Local\Programs\Python\Python314\Lib\unittest\case.py", line 58, in testPartExecutor
    yield
  File "C:\Users\kwesi\AppData\Local\Programs\Python\Python314\Lib\unittest\case.py", line 565, in subTest
    yield
  File "c:\users\kwesi\pycharmprojects\g87.2026.t11.ge3\src\unittest\python\test_register_project_tests.py", line 98, in test_parametrized_cases_tests
    valor = mngr.register_project(company_cif=enterprise_cif,
    
  File "c:\users\kwesi\pycharmprojects\g87.2026.t11.ge3\src\main\python\uc3m_consulting\enterprise_manager.py", line 91, in register_project
    self.validate_cif(company_cif)
    ^^^^^^^^^^^^^^^
  File "c:\users\kwesi\pycharmprojects\g87.2026.t11.ge3\src\main\python\uc3m_consulting\enterprise_manager.py", line 25, in validate_cif
    if not p.fullmatch(c):
    ^^^^^^^^^^^^^^^
NameError: name 'c' is not defined
]]></error>
	</testcase>
	<testcase classname="test_register_project_tests.TestRegisterProjectTest" name="test_parametrized_cases_tests [TC13INVALID]" time="0.000" timestamp="0001-01-01T00:00:00">
		<error type="NameError" message="name 'c' is not defined"><![CDATA[Traceback (most recent call last):
  File "C:\Users\kwesi\AppData\Local\Programs\Python\Python314\Lib\unittest\case.py", line 58, in testPartExecutor
    yield
  File "C:\Users\kwesi\AppData\Local\Programs\Python\Python314\Lib\unittest\case.py", line 565, in subTest
    yield
  File "c:\users\kwesi\pycharmprojects\g87.2026.t11.ge3\src\unittest\python\test_register_project_tests.py", line 98, in test_parametrized_cases_tests
    valor = mngr.register_project(company_cif=enterprise_cif,
    
  File "c:\users\kwesi\pycharmprojects\g87.2026.t11.ge3\src\main\python\uc3m_consulting\enterprise_manager.py", line 91, in register_project
    self.validate_cif(company_cif)
    ^^^^^^^^^^^^^^^
  File "c:\users\kwesi\pycharmprojects\g87.2026.t11.ge3\src\main\python\uc3m_consulting\enterprise_manager.py", line 25, in validate_cif
    if not p.fullmatch(c):
    ^^^^^^^^^^^^^^^
NameError: name 'c' is not defined
]]></error>
	</testcase>
	<testcase classname="test_register_project_tests.TestRegisterProjectTest" name="test_parametrized_cases_tests [TC14INVALID]" time="0.000" timestamp="0001-01-01T00:00:00">
		<error type="NameError" message="name 'c' is not defined"><![CDATA[Traceback (most recent call last):
  File "C:\Users\kwesi\AppData\Local\Programs\Python\Python314\Lib\unittest\case.py", line 58, in testPartExecutor
    yield
  File "C:\Users\kwesi\AppData\Local\Programs\Python\Python314\Lib\unittest\case.py", line 565, in subTest
    yield
  File "c:\users\kwesi\pycharmprojects\g87.2026.t11.ge3\src\unittest\python\test_register_project_tests.py", line 98, in test_parametrized_cases_tests
    valor = mngr.register_project(company_cif=enterprise_cif,
    
  File "c:\users\kwesi\pycharmprojects\g87.2026.t11.ge3\src\main\python\uc3m_consulting\enterprise_manager.py", line 91, in register_project
    self.validate_cif(company_cif)
    ^^^^^^^^^^^^^^^
  File "c:\users\kwesi\pycharmprojects\g87.2026.t11.ge3\src\main\python\uc3m_consulting\enterprise_manager.py", line 25, in validate_cif
    if not p.fullmatch(c):
    ^^^^^^^^^^^^^^^
NameError: name 'c' is not defined
]]></error>
	</testcase>
	<testcase classname="test_register_project_tests.TestRegisterProjectTest" name="test_parametrized_cases_tests [TC15INVALID]" time="0.000" timestamp="0001-01-01T00:00:00">
		<error type="NameError" message="name 'c' is not defined"><![CDATA[Traceback (most recent call last):
  File "C:\Users\kwesi\AppData\Local\Programs\Python\Python314\Lib\unittest\case.py", line 58, in testPartExecutor
    yield
  File "C:\Users\kwesi\AppData\Local\Programs\Python\Python314\Lib\unittest\case.py", line 565, in subTest
    yield
  File "c:\users\kwesi\pycharmprojects\g87.2026.t11.ge3\src\unittest\python\test_register_project_tests.py", line 98, in test_parametrized_cases_tests
    valor = mngr.register_project(company_cif=enterprise_cif,
    
  File "c:\users\kwesi\pycharmprojects\g87.2026.t11.ge3\src\main\python\uc3m_consulting\enterprise_manager.py", line 91, in register_project
    self.validate_cif(company_cif)
    ^^^^^^^^^^^^^^^
  File "c:\users\kwesi\pycharmprojects\g87.2026.t11.ge3\src\main\python\uc3m_consulting\enterprise_manager.py", line 25, in validate_cif
    if not p.fullmatch(c):
    ^^^^^^^^^^^^^^^
NameError: name 'c' is not defined
]]></error>
	</testcase>
	<testcase classname="test_register_project_tests.TestRegisterProjectTest" name="test_parametrized_cases_tests [TC17INVALID]" time="0.000" timestamp="0001-01-01T00:00:00">
		<error type="NameError" message="name 'c' is not defined"><![CDATA[Traceback (most recent call last):
  File "C:\Users\kwesi\AppData\Local\Programs\Python\Python314\Lib\unittest\case.py", line 58, in testPartExecutor
    yield
  File "C:\Users\kwesi\AppData\Local\Programs\Python\Python314\Lib\unittest\case.py", line 565, in subTest
    yield
  File "c:\users\kwesi\pycharmprojects\g87.2026.t11.ge3\src\unittest\python\test_register_project_tests.py", line 98, in test_parametrized_cases_tests
    valor = mngr.register_project(company_cif=enterprise_cif,
    
  File "c:\users\kwesi\pycharmprojects\g87.2026.t11.ge3\src\main\python\uc3m_consulting\enterprise_manager.py", line 91, in register_project
    self.validate_cif(company_cif)
    ^^^^^^^^^^^^^^^
  File "c:\users\kwesi\pycharmprojects\g87.2026.t11.ge3\src\main\python\uc3m_consulting\enterprise_manager.py", line 25, in validate_cif
    if not p.fullmatch(c):
    ^^^^^^^^^^^^^^^
NameError: name 'c' is not defined
]]></error>
	</testcase>
	<testcase classname="test_register_project_tests.TestRegisterProjectTest" name="test_parametrized_cases_tests [TC18INVALID]" time="0.000" timestamp="0001-01-01T00:00:00">
		<error type="NameError" message="name 'c' is not defined"><![CDATA[Traceback (most recent call last):
  File "C:\Users\kwesi\AppData\Local\Programs\Python\Python314\Lib\unittest\case.py", line 58, in testPartExecutor
    yield
  File "C:\Users\kwesi\AppData\Local\Programs\Python\Python314\Lib\unittest\case.py", line 565, in subTest
    yield
  File "c:\users\kwesi\pycharmprojects\g87.2026.t11.ge3\src\unittest\python\test_register_project_tests.py", line 98, in test_parametrized_cases_tests
    valor = mngr.register_project(company_cif=enterprise_cif,
    
  File "c:\users\kwesi\pycharmprojects\g87.2026.t11.ge3\src\main\python\uc3m_consulting\enterprise_manager.py", line 91, in register_project
    self.validate_cif(company_cif)
    ^^^^^^^^^^^^^^^
  File "c:\users\kwesi\pycharmprojects\g87.2026.t11.ge3\src\main\python\uc3m_consulting\enterprise_manager.py", line 25, in validate_cif
    if not p.fullmatch(c):
    ^^^^^^^^^^^^^^^
NameError: name 'c' is not defined
]]></error>
	</testcase>
	<testcase classname="test_register_project_tests.TestRegisterProjectTest" name="test_parametrized_cases_tests [TC19INVALID]" time="0.000" timestamp="0001-01-01T00:00:00">
		<error type="NameError" message="name 'c' is not defined"><![CDATA[Traceback (most recent call last):
  File "C:\Users\kwesi\AppData\Local\Programs\Python\Python314\Lib\unittest\case.py", line 58, in testPartExecutor
    yield
  File "C:\Users\kwesi\AppData\Local\Programs\Python\Python314\Lib\unittest\case.py", line 565, in subTest
    yield
  File "c:\users\kwesi\pycharmprojects\g87.2026.t11.ge3\src\unittest\python\test_register_project_tests.py", line 98, in test_parametrized_cases_tests
    valor = mngr.register_project(company_cif=enterprise_cif,
    
  File "c:\users\kwesi\pycharmprojects\g87.2026.t11.ge3\src\main\python\uc3m_consulting\enterprise_manager.py", line 91, in register_project
    self.validate_cif(company_cif)
    ^^^^^^^^^^^^^^^
  File "c:\users\kwesi\pycharmprojects\g87.2026.t11.ge3\src\main\python\uc3m_consulting\enterprise_manager.py", line 25, in validate_cif
    if not p.fullmatch(c):
    ^^^^^^^^^^^^^^^
NameError: name 'c' is not defined
]]></error>
	</testcase>
	<testcase classname="test_register_project_tests.TestRegisterProjectTest" name="test_parametrized_cases_tests [TC21INVALID]" time="0.000" timestamp="0001-01-01T00:00:00">
		<error type="NameError" message="name 'c' is not defined"><![CDATA[Traceback (most recent call last):
  File "C:\Users\kwesi\AppData\Local\Programs\Python\Python314\Lib\unittest\case.py", line 58, in testPartExecutor
    yield
  File "C:\Users\kwesi\AppData\Local\Programs\Python\Python314\Lib\unittest\case.py", line 565, in subTest
    yield
  File "c:\users\kwesi\pycharmprojects\g87.2026.t11.ge3\src\unittest\python\test_register_project_tests.py", line 98, in test_parametrized_cases_tests
    valor = mngr.register_project(company_cif=enterprise_cif,
    
  File "c:\users\kwesi\pycharmprojects\g87.2026.t11.ge3\src\main\python\uc3m_consulting\enterprise_manager.py", line 91, in register_project
    self.validate_cif(company_cif)
    ^^^^^^^^^^^^^^^
  File "c:\users\kwesi\pycharmprojects\g87.2026.t11.ge3\src\main\python\uc3m_consulting\enterprise_manager.py", line 25, in validate_cif
    if not p.fullmatch(c):
    ^^^^^^^^^^^^^^^
NameError: name 'c' is not defined
]]></error>
	</testcase>
	<testcase classname="test_register_project_tests.TestRegisterProjectTest" name="test_parametrized_cases_tests [TC22INVALID]" time="0.000" timestamp="0001-01-01T00:00:00">
		<error type="NameError" message="name 'c' is not defined"><![CDATA[Traceback (most recent call last):
  File "C:\Users\kwesi\AppData\Local\Programs\Python\Python314\Lib\unittest\case.py", line 58, in testPartExecutor
    yield
  File "C:\Users\kwesi\AppData\Local\Programs\Python\Python314\Lib\unittest\case.py", line 565, in subTest
    yield
  File "c:\users\kwesi\pycharmprojects\g87.2026.t11.ge3\src\unittest\python\test_register_project_tests.py", line 98, in test_parametrized_cases_tests
    valor = mngr.register_project(company_cif=enterprise_cif,
    
  File "c:\users\kwesi\pycharmprojects\g87.2026.t11.ge3\src\main\python\uc3m_consulting\enterprise_manager.py", line 91, in register_project
    self.validate_cif(company_cif)
    ^^^^^^^^^^^^^^^
  File "c:\users\kwesi\pycharmprojects\g87.2026.t11.ge3\src\main\python\uc3m_consulting\enterprise_manager.py", line 25, in validate_cif
    if not p.fullmatch(c):
    ^^^^^^^^^^^^^^^
NameError: name 'c' is not defined
]]></error>
	</testcase>
	<testcase classname="test_register_project_tests.TestRegisterProjectTest" name="test_parametrized_cases_tests [TC23INVALID]" time="0.000" timestamp="0001-01-01T00:00:00">
		<error type="NameError" message="name 'c' is not defined"><![CDATA[Traceback (most recent call last):
  File "C:\Users\kwesi\AppData\Local\Programs\Python\Python314\Lib\unittest\case.py", line 58, in testPartExecutor
    yield
  File "C:\Users\kwesi\AppData\Local\Programs\Python\Python314\Lib\unittest\case.py", line 565, in subTest
    yield
  File "c:\users\kwesi\pycharmprojects\g87.2026.t11.ge3\src\unittest\python\test_register_project_tests.py", line 98, in test_parametrized_cases_tests
    valor = mngr.register_project(company_cif=enterprise_cif,
    
  File "c:\users\kwesi\pycharmprojects\g87.2026.t11.ge3\src\main\python\uc3m_consulting\enterprise_manager.py", line 91, in register_project
    self.validate_cif(company_cif)
    ^^^^^^^^^^^^^^^
  File "c:\users\kwesi\pycharmprojects\g87.2026.t11.ge3\src\main\python\uc3m_consulting\enterprise_manager.py", line 25, in validate_cif
    if not p.fullmatch(c):
    ^^^^^^^^^^^^^^^
NameError: name 'c' is not defined
]]></error>
	</testcase>
	<testcase classname="test_register_project_tests.TestRegisterProjectTest" name="test_parametrized_cases_tests [TC24INVALID]" time="0.000" timestamp="0001-01-01T00:00:00">
		<error type="NameError" message="name 'c' is not defined"><![CDATA[Traceback (most recent call last):
  File "C:\Users\kwesi\AppData\Local\Programs\Python\Python314\Lib\unittest\case.py", line 58, in testPartExecutor
    yield
  File "C:\Users\kwesi\AppData\Local\Programs\Python\Python314\Lib\unittest\case.py", line 565, in subTest
    yield
  File "c:\users\kwesi\pycharmprojects\g87.2026.t11.ge3\src\unittest\python\test_register_project_tests.py", line 98, in test_parametrized_cases_tests
    valor = mngr.register_project(company_cif=enterprise_cif,
    
  File "c:\users\kwesi\pycharmprojects\g87.2026.t11.ge3\src\main\python\uc3m_consulting\enterprise_manager.py", line 91, in register_project
    self.validate_cif(company_cif)
    ^^^^^^^^^^^^^^^
  File "c:\users\kwesi\pycharmprojects\g87.2026.t11.ge3\src\main\python\uc3m_consulting\enterprise_manager.py", line 25, in validate_cif
    if not p.fullmatch(c):
    ^^^^^^^^^^^^^^^
NameError: name 'c' is not defined
]]></error>
	</testcase>
	<testcase classname="test_register_project_tests.TestRegisterProjectTest" name="test_parametrized_cases_tests [TC25INVALID]" time="0.000" timestamp="0001-01-01T00:00:00">
		<error type="NameError" message="name 'c' is not defined"><![CDATA[Traceback (most recent call last):
  File "C:\Users\kwesi\AppData\Local\Programs\Python\Python314\Lib\unittest\case.py", line 58, in testPartExecutor
    yield
  File "C:\Users\kwesi\AppData\Local\Programs\Python\Python314\Lib\unittest\case.py", line 565, in subTest
    yield
  File "c:\users\kwesi\pycharmprojects\g87.2026.t11.ge3\src\unittest\python\test_register_project_tests.py", line 98, in test_parametrized_cases_tests
    valor = mngr.register_project(company_cif=enterprise_cif,
    
  File "c:\users\kwesi\pycharmprojects\g87.2026.t11.ge3\src\main\python\uc3m_consulting\enterprise_manager.py", line 91, in register_project
    self.validate_cif(company_cif)
    ^^^^^^^^^^^^^^^
  File "c:\users\kwesi\pycharmprojects\g87.2026.t11.ge3\src\main\python\uc3m_consulting\enterprise_manager.py", line 25, in validate_cif
    if not p.fullmatch(c):
    ^^^^^^^^^^^^^^^
NameError: name 'c' is not defined
]]></error>
	</testcase>
	<testcase classname="test_register_project_tests.TestRegisterProjectTest" name="test_parametrized_cases_tests [TC26INVALID]" time="0.000" timestamp="0001-01-01T00:00:00">
		<error type="NameError" message="name 'c' is not defined"><![CDATA[Traceback (most recent call last):
  File "C:\Users\kwesi\AppData\Local\Programs\Python\Python314\Lib\unittest\case.py", line 58, in testPartExecutor
    yield
  File "C:\Users\kwesi\AppData\Local\Programs\Python\Python314\Lib\unittest\case.py", line 565, in subTest
    yield
  File "c:\users\kwesi\pycharmprojects\g87.2026.t11.ge3\src\unittest\python\test_register_project_tests.py", line 98, in test_parametrized_cases_tests
    valor = mngr.register_project(company_cif=enterprise_cif,
    
  File "c:\users\kwesi\pycharmprojects\g87.2026.t11.ge3\src\main\python\uc3m_consulting\enterprise_manager.py", line 91, in register_project
    self.validate_cif(company_cif)
    ^^^^^^^^^^^^^^^
  File "c:\users\kwesi\pycharmprojects\g87.2026.t11.ge3\src\main\python\uc3m_consulting\enterprise_manager.py", line 25, in validate_cif
    if not p.fullmatch(c):
    ^^^^^^^^^^^^^^^
NameError: name 'c' is not defined
]]></error>
	</testcase>
	<testcase classname="test_register_project_tests.TestRegisterProjectTest" name="test_parametrized_cases_tests [TC27INVALID]" time="0.000" timestamp="0001-01-01T00:00:00">
		<error type="NameError" message="name 'c' is not defined"><![CDATA[Traceback (most recent call last):
  File "C:\Users\kwesi\AppData\Local\Programs\Python\Python314\Lib\unittest\case.py", line 58, in testPartExecutor
    yield
  File "C:\Users\kwesi\AppData\Local\Programs\Python\Python314\Lib\unittest\case.py", line 565, in subTest
    yield
  File "c:\users\kwesi\pycharmprojects\g87.2026.t11.ge3\src\unittest\python\test_register_project_tests.py", line 98, in test_parametrized_cases_tests
    valor = mngr.register_project(company_cif=enterprise_cif,
    
  File "c:\users\kwesi\pycharmprojects\g87.2026.t11.ge3\src\main\python\uc3m_consulting\enterprise_manager.py", line 91, in register_project
    self.validate_cif(company_cif)
    ^^^^^^^^^^^^^^^
  File "c:\users\kwesi\pycharmprojects\g87.2026.t11.ge3\src\main\python\uc3m_consulting\enterprise_manager.py", line 25, in validate_cif
    if not p.fullmatch(c):
    ^^^^^^^^^^^^^^^
NameError: name 'c' is not defined
]]></error>
	</testcase>
	<testcase classname="test_register_project_tests.TestRegisterProjectTest" name="test_parametrized_cases_tests [TC28INVALID]" time="0.000" timestamp="0001-01-01T00:00:00">
		<error type="NameError" message="name 'c' is not defined"><![CDATA[Traceback (most recent call last):
  File "C:\Users\kwesi\AppData\Local\Programs\Python\Python314\Lib\unittest\case.py", line 58, in testPartExecutor
    yield
  File "C:\Users\kwesi\AppData\Local\Programs\Python\Python314\Lib\unittest\case.py", line 565, in subTest
    yield
  File "c:\users\kwesi\pycharmprojects\g87.2026.t11.ge3\src\unittest\python\test_register_project_tests.py", line 98, in test_parametrized_cases_tests
    valor = mngr.register_project(company_cif=enterprise_cif,
    
  File "c:\users\kwesi\pycharmprojects\g87.2026.t11.ge3\src\main\python\uc3m_consulting\enterprise_manager.py", line 91, in register_project
    self.validate_cif(company_cif)
    ^^^^^^^^^^^^^^^
  File "c:\users\kwesi\pycharmprojects\g87.2026.t11.ge3\src\main\python\uc3m_consulting\enterprise_manager.py", line 25, in validate_cif
    if not p.fullmatch(c):
    ^^^^^^^^^^^^^^^
NameError: name 'c' is not defined
]]></error>
	</testcase>
	<testcase classname="test_register_project_tests.TestRegisterProjectTest" name="test_parametrized_cases_tests [TC29INVALID]" time="0.000" timestamp="0001-01-01T00:00:00">
		<error type="NameError" message="name 'c' is not defined"><![CDATA[Traceback (most recent call last):
  File "C:\Users\kwesi\AppData\Local\Programs\Python\Python314\Lib\unittest\case.py", line 58, in testPartExecutor
    yield
  File "C:\Users\kwesi\AppData\Local\Programs\Python\Python314\Lib\unittest\case.py", line 565, in subTest
    yield
  File "c:\users\kwesi\pycharmprojects\g87.2026.t11.ge3\src\unittest\python\test_register_project_tests.py", line 98, in test_parametrized_cases_tests
    valor = mngr.register_project(company_cif=enterprise_cif,
    
  File "c:\users\kwesi\pycharmprojects\g87.2026.t11.ge3\src\main\python\uc3m_consulting\enterprise_manager.py", line 91, in register_project
    self.validate_cif(company_cif)
    ^^^^^^^^^^^^^^^
  File "c:\users\kwesi\pycharmprojects\g87.2026.t11.ge3\src\main\python\uc3m_consulting\enterprise_manager.py", line 25, in validate_cif
    if not p.fullmatch(c):
    ^^^^^^^^^^^^^^^
NameError: name 'c' is not defined
]]></error>
	</testcase>
	<testcase classname="test_register_project_tests.TestRegisterProjectTest" name="test_parametrized_cases_tests [TC30INVALID]" time="0.000" timestamp="0001-01-01T00:00:00">
		<error type="NameError" message="name 'c' is not defined"><![CDATA[Traceback (most recent call last):
  File "C:\Users\kwesi\AppData\Local\Programs\Python\Python314\Lib\unittest\case.py", line 58, in testPartExecutor
    yield
  File "C:\Users\kwesi\AppData\Local\Programs\Python\Python314\Lib\unittest\case.py", line 565, in subTest
    yield
  File "c:\users\kwesi\pycharmprojects\g87.2026.t11.ge3\src\unittest\python\test_register_project_tests.py", line 98, in test_parametrized_cases_tests
    valor = mngr.register_project(company_cif=enterprise_cif,
    
  File "c:\users\kwesi\pycharmprojects\g87.2026.t11.ge3\src\main\python\uc3m_consulting\enterprise_manager.py", line 91, in register_project
    self.validate_cif(company_cif)
    ^^^^^^^^^^^^^^^
  File "c:\users\kwesi\pycharmprojects\g87.2026.t11.ge3\src\main\python\uc3m_consulting\enterprise_manager.py", line 25, in validate_cif
    if not p.fullmatch(c):
    ^^^^^^^^^^^^^^^
NameError: name 'c' is not defined
]]></error>
	</testcase>
	<testcase classname="test_register_project_tests.TestRegisterProjectTest" name="test_parametrized_cases_tests [TC31INVALID]" time="0.000" timestamp="0001-01-01T00:00:00">
		<error type="NameError" message="name 'c' is not defined"><![CDATA[Traceback (most recent call last):
  File "C:\Users\kwesi\AppData\Local\Programs\Python\Python314\Lib\unittest\case.py", line 58, in testPartExecutor
    yield
  File "C:\Users\kwesi\AppData\Local\Programs\Python\Python314\Lib\unittest\case.py", line 565, in subTest
    yield
  File "c:\users\kwesi\pycharmprojects\g87.2026.t11.ge3\src\unittest\python\test_register_project_tests.py", line 98, in test_parametrized_cases_tests
    valor = mngr.register_project(company_cif=enterprise_cif,
    
  File "c:\users\kwesi\pycharmprojects\g87.2026.t11.ge3\src\main\python\uc3m_consulting\enterprise_manager.py", line 91, in register_project
    self.validate_cif(company_cif)
    ^^^^^^^^^^^^^^^
  File "c:\users\kwesi\pycharmprojects\g87.2026.t11.ge3\src\main\python\uc3m_consulting\enterprise_manager.py", line 25, in validate_cif
    if not p.fullmatch(c):
    ^^^^^^^^^^^^^^^
NameError: name 'c' is not defined
]]></error>
	</testcase>
	<testcase classname="test_register_project_tests.TestRegisterProjectTest" name="test_parametrized_cases_tests [TC32INVALID]" time="0.000" timestamp="0001-01-01T00:00:00">
		<error type="NameError" message="name 'c' is not defined"><![CDATA[Traceback (most recent call last):
  File "C:\Users\kwesi\AppData\Local\Programs\Python\Python314\Lib\unittest\case.py", line 58, in testPartExecutor
    yield
  File "C:\Users\kwesi\AppData\Local\Programs\Python\Python314\Lib\unittest\case.py", line 565, in subTest
    yield
  File "c:\users\kwesi\pycharmprojects\g87.2026.t11.ge3\src\unittest\python\test_register_project_tests.py", line 98, in test_parametrized_cases_tests
    valor = mngr.register_project(company_cif=enterprise_cif,
    
  File "c:\users\kwesi\pycharmprojects\g87.2026.t11.ge3\src\main\python\uc3m_consulting\enterprise_manager.py", line 91, in register_project
    self.validate_cif(company_cif)
    ^^^^^^^^^^^^^^^
  File "c:\users\kwesi\pycharmprojects\g87.2026.t11.ge3\src\main\python\uc3m_consulting\enterprise_manager.py", line 25, in validate_cif
    if not p.fullmatch(c):
    ^^^^^^^^^^^^^^^
NameError: name 'c' is not defined
]]></error>
	</testcase>
	<testcase classname="test_register_project_tests.TestRegisterProjectTest" name="test_parametrized_cases_tests [TC33INVALID]" time="0.000" timestamp="0001-01-01T00:00:00">
		<error type="NameError" message="name 'c' is not defined"><![CDATA[Traceback (most recent call last):
  File "C:\Users\kwesi\AppData\Local\Programs\Python\Python314\Lib\unittest\case.py", line 58, in testPartExecutor
    yield
  File "C:\Users\kwesi\AppData\Local\Programs\Python\Python314\Lib\unittest\case.py", line 565, in subTest
    yield
  File "c:\users\kwesi\pycharmprojects\g87.2026.t11.ge3\src\unittest\python\test_register_project_tests.py", line 98, in test_parametrized_cases_tests
    valor = mngr.register_project(company_cif=enterprise_cif,
    
  File "c:\users\kwesi\pycharmprojects\g87.2026.t11.ge3\src\main\python\uc3m_consulting\enterprise_manager.py", line 91, in register_project
    self.validate_cif(company_cif)
    ^^^^^^^^^^^^^^^
  File "c:\users\kwesi\pycharmprojects\g87.2026.t11.ge3\src\main\python\uc3m_consulting\enterprise_manager.py", line 25, in validate_cif
    if not p.fullmatch(c):
    ^^^^^^^^^^^^^^^
NameError: name 'c' is not defined
]]></error>
	</testcase>
	<testcase classname="test_register_project_tests.TestRegisterProjectTest" name="test_parametrized_cases_tests [TC34INVALID]" time="0.000" timestamp="0001-01-01T00:00:00">
		<error type="NameError" message="name 'c' is not defined"><![CDATA[Traceback (most recent call last):
  File "C:\Users\kwesi\AppData\Local\Programs\Python\Python314\Lib\unittest\case.py", line 58, in testPartExecutor
    yield
  File "C:\Users\kwesi\AppData\Local\Programs\Python\Python314\Lib\unittest\case.py", line 565, in subTest
    yield
  File "c:\users\kwesi\pycharmprojects\g87.2026.t11.ge3\src\unittest\python\test_register_project_tests.py", line 98, in test_parametrized_cases_tests
    valor = mngr.register_project(company_cif=enterprise_cif,
    
  File "c:\users\kwesi\pycharmprojects\g87.2026.t11.ge3\src\main\python\uc3m_consulting\enterprise_manager.py", line 91, in register_project
    self.validate_cif(company_cif)
    ^^^^^^^^^^^^^^^
  File "c:\users\kwesi\pycharmprojects\g87.2026.t11.ge3\src\main\python\uc3m_consulting\enterprise_manager.py", line 25, in validate_cif
    if not p.fullmatch(c):
    ^^^^^^^^^^^^^^^
NameError: name 'c' is not defined
]]></error>
	</testcase>
	<testcase classname="test_register_project_tests.TestRegisterProjectTest" name="test_parametrized_cases_tests [TC35INVALID]" time="0.000" timestamp="0001-01-01T00:00:00">
		<error type="NameError" message="name 'c' is not defined"><![CDATA[Traceback (most recent call last):
  File "C:\Users\kwesi\AppData\Local\Programs\Python\Python314\Lib\unittest\case.py", line 58, in testPartExecutor
    yield
  File "C:\Users\kwesi\AppData\Local\Programs\Python\Python314\Lib\unittest\case.py", line 565, in subTest
    yield
  File "c:\users\kwesi\pycharmprojects\g87.2026.t11.ge3\src\unittest\python\test_register_project_tests.py", line 98, in test_parametrized_cases_tests
    valor = mngr.register_project(company_cif=enterprise_cif,
    
  File "c:\users\kwesi\pycharmprojects\g87.2026.t11.ge3\src\main\python\uc3m_consulting\enterprise_manager.py", line 91, in register_project
    self.validate_cif(company_cif)
    ^^^^^^^^^^^^^^^
  File "c:\users\kwesi\pycharmprojects\g87.2026.t11.ge3\src\main\python\uc3m_consulting\enterprise_manager.py", line 25, in validate_cif
    if not p.fullmatch(c):
    ^^^^^^^^^^^^^^^
NameError: name 'c' is not defined
]]></error>
	</testcase>
	<testcase classname="test_register_project_tests.TestRegisterProjectTest" name="test_parametrized_cases_tests [TC36INVALID]" time="0.000" timestamp="0001-01-01T00:00:00">
		<error type="NameError" message="name 'c' is not defined"><![CDATA[Traceback (most recent call last):
  File "C:\Users\kwesi\AppData\Local\Programs\Python\Python314\Lib\unittest\case.py", line 58, in testPartExecutor
    yield
  File "C:\Users\kwesi\AppData\Local\Programs\Python\Python314\Lib\unittest\case.py", line 565, in subTest
    yield
  File "c:\users\kwesi\pycharmprojects\g87.2026.t11.ge3\src\unittest\python\test_register_project_tests.py", line 98, in test_parametrized_cases_tests
    valor = mngr.register_project(company_cif=enterprise_cif,
    
  File "c:\users\kwesi\pycharmprojects\g87.2026.t11.ge3\src\main\python\uc3m_consulting\enterprise_manager.py", line 91, in register_project
    self.validate_cif(company_cif)
    ^^^^^^^^^^^^^^^
  File "c:\users\kwesi\pycharmprojects\g87.2026.t11.ge3\src\main\python\uc3m_consulting\enterprise_manager.py", line 25, in validate_cif
    if not p.fullmatch(c):
    ^^^^^^^^^^^^^^^
NameError: name 'c' is not defined
]]></error>
	</testcase>
	<testcase classname="test_register_project_tests.TestRegisterProjectTest" name="test_parametrized_cases_tests [TC37INVALID]" time="0.000" timestamp="0001-01-01T00:00:00">
		<error type="NameError" message="name 'c' is not defined"><![CDATA[Traceback (most recent call last):
  File "C:\Users\kwesi\AppData\Local\Programs\Python\Python314\Lib\unittest\case.py", line 58, in testPartExecutor
    yield
  File "C:\Users\kwesi\AppData\Local\Programs\Python\Python314\Lib\unittest\case.py", line 565, in subTest
    yield
  File "c:\users\kwesi\pycharmprojects\g87.2026.t11.ge3\src\unittest\python\test_register_project_tests.py", line 98, in test_parametrized_cases_tests
    valor = mngr.register_project(company_cif=enterprise_cif,
    
  File "c:\users\kwesi\pycharmprojects\g87.2026.t11.ge3\src\main\python\uc3m_consulting\enterprise_manager.py", line 91, in register_project
    self.validate_cif(company_cif)
    ^^^^^^^^^^^^^^^
  File "c:\users\kwesi\pycharmprojects\g87.2026.t11.ge3\src\main\python\uc3m_consulting\enterprise_manager.py", line 25, in validate_cif
    if not p.fullmatch(c):
    ^^^^^^^^^^^^^^^
NameError: name 'c' is not defined
]]></error>
	</testcase>
	<testcase classname="test_register_project_tests.TestRegisterProjectTest" name="test_parametrized_cases_tests [TC38INVALID]" time="0.000" timestamp="0001-01-01T00:00:00">
		<error type="NameError" message="name 'c' is not defined"><![CDATA[Traceback (most recent call last):
  File "C:\Users\kwesi\AppData\Local\Programs\Python\Python314\Lib\unittest\case.py", line 58, in testPartExecutor
    yield
  File "C:\Users\kwesi\AppData\Local\Programs\Python\Python314\Lib\unittest\case.py", line 565, in subTest
    yield
  File "c:\users\kwesi\pycharmprojects\g87.2026.t11.ge3\src\unittest\python\test_register_project_tests.py", line 98, in test_parametrized_cases_tests
    valor = mngr.register_project(company_cif=enterprise_cif,
    
  File "c:\users\kwesi\pycharmprojects\g87.2026.t11.ge3\src\main\python\uc3m_consulting\enterprise_manager.py", line 91, in register_project
    self.validate_cif(company_cif)
    ^^^^^^^^^^^^^^^
  File "c:\users\kwesi\pycharmprojects\g87.2026.t11.ge3\src\main\python\uc3m_consulting\enterprise_manager.py", line 25, in validate_cif
    if not p.fullmatch(c):
    ^^^^^^^^^^^^^^^
NameError: name 'c' is not defined
]]></error>
	</testcase>
	<testcase classname="test_register_project_tests.TestRegisterProjectTest" name="test_parametrized_cases_tests [TC39INVALID]" time="0.000" timestamp="0001-01-01T00:00:00">
		<error type="NameError" message="name 'c' is not defined"><![CDATA[Traceback (most recent call last):
  File "C:\Users\kwesi\AppData\Local\Programs\Python\Python314\Lib\unittest\case.py", line 58, in testPartExecutor
    yield
  File "C:\Users\kwesi\AppData\Local\Programs\Python\Python314\Lib\unittest\case.py", line 565, in subTest
    yield
  File "c:\users\kwesi\pycharmprojects\g87.2026.t11.ge3\src\unittest\python\test_register_project_tests.py", line 98, in test_parametrized_cases_tests
    valor = mngr.register_project(company_cif=enterprise_cif,
    
  File "c:\users\kwesi\pycharmprojects\g87.2026.t11.ge3\src\main\python\uc3m_consulting\enterprise_manager.py", line 91, in register_project
    self.validate_cif(company_cif)
    ^^^^^^^^^^^^^^^
  File "c:\users\kwesi\pycharmprojects\g87.2026.t11.ge3\src\main\python\uc3m_consulting\enterprise_manager.py", line 25, in validate_cif
    if not p.fullmatch(c):
    ^^^^^^^^^^^^^^^
NameError: name 'c' is not defined
]]></error>
	</testcase>
	<testcase classname="test_register_project_tests.TestRegisterProjectTest" name="test_parametrized_cases_tests [TC40INVALID]" time="0.000" timestamp="0001-01-01T00:00:00">
		<error type="NameError" message="name 'c' is not defined"><![CDATA[Traceback (most recent call last):
  File "C:\Users\kwesi\AppData\Local\Programs\Python\Python314\Lib\unittest\case.py", line 58, in testPartExecutor
    yield
  File "C:\Users\kwesi\AppData\Local\Programs\Python\Python314\Lib\unittest\case.py", line 565, in subTest
    yield
  File "c:\users\kwesi\pycharmprojects\g87.2026.t11.ge3\src\unittest\python\test_register_project_tests.py", line 98, in test_parametrized_cases_tests
    valor = mngr.register_project(company_cif=enterprise_cif,
    
  File "c:\users\kwesi\pycharmprojects\g87.2026.t11.ge3\src\main\python\uc3m_consulting\enterprise_manager.py", line 91, in register_project
    self.validate_cif(company_cif)
    ^^^^^^^^^^^^^^^
  File "c:\users\kwesi\pycharmprojects\g87.2026.t11.ge3\src\main\python\uc3m_consulting\enterprise_manager.py", line 25, in validate_cif
    if not p.fullmatch(c):
    ^^^^^^^^^^^^^^^
NameError: name 'c' is not defined
]]></error>
	</testcase>
	<testcase classname="test_register_project_tests.TestRegisterProjectTest" name="test_parametrized_cases_tests [TC41INVALID]" time="0.000" timestamp="0001-01-01T00:00:00">
		<error type="NameError" message="name 'c' is not defined"><![CDATA[Traceback (most recent call last):
  File "C:\Users\kwesi\AppData\Local\Programs\Python\Python314\Lib\unittest\case.py", line 58, in testPartExecutor
    yield
  File "C:\Users\kwesi\AppData\Local\Programs\Python\Python314\Lib\unittest\case.py", line 565, in subTest
    yield
  File "c:\users\kwesi\pycharmprojects\g87.2026.t11.ge3\src\unittest\python\test_register_project_tests.py", line 98, in test_parametrized_cases_tests
    valor = mngr.register_project(company_cif=enterprise_cif,
    
  File "c:\users\kwesi\pycharmprojects\g87.2026.t11.ge3\src\main\python\uc3m_consulting\enterprise_manager.py", line 91, in register_project
    self.validate_cif(company_cif)
    ^^^^^^^^^^^^^^^
  File "c:\users\kwesi\pycharmprojects\g87.2026.t11.ge3\src\main\python\uc3m_consulting\enterprise_manager.py", line 25, in validate_cif
    if not p.fullmatch(c):
    ^^^^^^^^^^^^^^^
NameError: name 'c' is not defined
]]></error>
	</testcase>
	<testcase classname="test_register_project_tests.TestRegisterProjectTest" name="test_parametrized_cases_tests [TC42INVALID]" time="0.000" timestamp="0001-01-01T00:00:00">
		<error type="NameError" message="name 'c' is not defined"><![CDATA[Traceback (most recent call last):
  File "C:\Users\kwesi\AppData\Local\Programs\Python\Python314\Lib\unittest\case.py", line 58, in testPartExecutor
    yield
  File "C:\Users\kwesi\AppData\Local\Programs\Python\Python314\Lib\unittest\case.py", line 565, in subTest
    yield
  File "c:\users\kwesi\pycharmprojects\g87.2026.t11.ge3\src\unittest\python\test_register_project_tests.py", line 98, in test_parametrized_cases_tests
    valor = mngr.register_project(company_cif=enterprise_cif,
    
  File "c:\users\kwesi\pycharmprojects\g87.2026.t11.ge3\src\main\python\uc3m_consulting\enterprise_manager.py", line 91, in register_project
    self.validate_cif(company_cif)
    ^^^^^^^^^^^^^^^
  File "c:\users\kwesi\pycharmprojects\g87.2026.t11.ge3\src\main\python\uc3m_consulting\enterprise_manager.py", line 25, in validate_cif
    if not p.fullmatch(c):
    ^^^^^^^^^^^^^^^
NameError: name 'c' is not defined
]]></error>
	</testcase>
	<testcase classname="test_register_project_tests.TestRegisterProjectTest" name="test_parametrized_cases_tests [TC43INVALID]" time="0.000" timestamp="0001-01-01T00:00:00">
		<error type="NameError" message="name 'c' is not defined"><![CDATA[Traceback (most recent call last):
  File "C:\Users\kwesi\AppData\Local\Programs\Python\Python314\Lib\unittest\case.py", line 58, in testPartExecutor
    yield
  File "C:\Users\kwesi\AppData\Local\Programs\Python\Python314\Lib\unittest\case.py", line 565, in subTest
    yield
  File "c:\users\kwesi\pycharmprojects\g87.2026.t11.ge3\src\unittest\python\test_register_project_tests.py", line 98, in test_parametrized_cases_tests
    valor = mngr.register_project(company_cif=enterprise_cif,
    
  File "c:\users\kwesi\pycharmprojects\g87.2026.t11.ge3\src\main\python\uc3m_consulting\enterprise_manager.py", line 91, in register_project
    self.validate_cif(company_cif)
    ^^^^^^^^^^^^^^^
  File "c:\users\kwesi\pycharmprojects\g87.2026.t11.ge3\src\main\python\uc3m_consulting\enterprise_manager.py", line 25, in validate_cif
    if not p.fullmatch(c):
    ^^^^^^^^^^^^^^^
NameError: name 'c' is not defined
]]></error>
	</testcase>
	<testcase classname="test_register_project_tests.TestRegisterProjectTest" name="test_parametrized_cases_tests [TC44INVALID]" time="0.000" timestamp="0001-01-01T00:00:00">
		<error type="NameError" message="name 'c' is not defined"><![CDATA[Traceback (most recent call last):
  File "C:\Users\kwesi\AppData\Local\Programs\Python\Python314\Lib\unittest\case.py", line 58, in testPartExecutor
    yield
  File "C:\Users\kwesi\AppData\Local\Programs\Python\Python314\Lib\unittest\case.py", line 565, in subTest
    yield
  File "c:\users\kwesi\pycharmprojects\g87.2026.t11.ge3\src\unittest\python\test_register_project_tests.py", line 98, in test_parametrized_cases_tests
    valor = mngr.register_project(company_cif=enterprise_cif,
    
  File "c:\users\kwesi\pycharmprojects\g87.2026.t11.ge3\src\main\python\uc3m_consulting\enterprise_manager.py", line 91, in register_project
    self.validate_cif(company_cif)
    ^^^^^^^^^^^^^^^
  File "c:\users\kwesi\pycharmprojects\g87.2026.t11.ge3\src\main\python\uc3m_consulting\enterprise_manager.py", line 25, in validate_cif
    if not p.fullmatch(c):
    ^^^^^^^^^^^^^^^
NameError: name 'c' is not defined
]]></error>
	</testcase>
	<testcase classname="test_register_project_tests.TestRegisterProjectTest" name="test_parametrized_cases_tests [TC45INVALID]" time="0.000" timestamp="0001-01-01T00:00:00">
		<error type="NameError" message="name 'c' is not defined"><![CDATA[Traceback (most recent call last):
  File "C:\Users\kwesi\AppData\Local\Programs\Python\Python314\Lib\unittest\case.py", line 58, in testPartExecutor
    yield
  File "C:\Users\kwesi\AppData\Local\Programs\Python\Python314\Lib\unittest\case.py", line 565, in subTest
    yield
  File "c:\users\kwesi\pycharmprojects\g87.2026.t11.ge3\src\unittest\python\test_register_project_tests.py", line 98, in test_parametrized_cases_tests
    valor = mngr.register_project(company_cif=enterprise_cif,
    
  File "c:\users\kwesi\pycharmprojects\g87.2026.t11.ge3\src\main\python\uc3m_consulting\enterprise_manager.py", line 91, in register_project
    self.validate_cif(company_cif)
    ^^^^^^^^^^^^^^^
  File "c:\users\kwesi\pycharmprojects\g87.2026.t11.ge3\src\main\python\uc3m_consulting\enterprise_manager.py", line 25, in validate_cif
    if not p.fullmatch(c):
    ^^^^^^^^^^^^^^^
NameError: name 'c' is not defined
]]></error>
	</testcase>
	<testcase classname="test_register_project_tests.TestRegisterProjectTest" name="test_parametrized_cases_tests [TC46INVALID]" time="0.000" timestamp="0001-01-01T00:00:00">
		<error type="NameError" message="name 'c' is not defined"><![CDATA[Traceback (most recent call last):
  File "C:\Users\kwesi\AppData\Local\Programs\Python\Python314\Lib\unittest\case.py", line 58, in testPartExecutor
    yield
  File "C:\Users\kwesi\AppData\Local\Programs\Python\Python314\Lib\unittest\case.py", line 565, in subTest
    yield
  File "c:\users\kwesi\pycharmprojects\g87.2026.t11.ge3\src\unittest\python\test_register_project_tests.py", line 98, in test_parametrized_cases_tests
    valor = mngr.register_project(company_cif=enterprise_cif,
    
  File "c:\users\kwesi\pycharmprojects\g87.2026.t11.ge3\src\main\python\uc3m_consulting\enterprise_manager.py", line 91, in register_project
    self.validate_cif(company_cif)
    ^^^^^^^^^^^^^^^
  File "c:\users\kwesi\pycharmprojects\g87.2026.t11.ge3\src\main\python\uc3m_consulting\enterprise_manager.py", line 25, in validate_cif
    if not p.fullmatch(c):
    ^^^^^^^^^^^^^^^
NameError: name 'c' is not defined
]]></error>
	</testcase>
	<testcase classname="test_register_project_tests.TestRegisterProjectTest" name="test_parametrized_cases_tests [TC47INVALID]" time="0.000" timestamp="0001-01-01T00:00:00">
		<error type="NameError" message="name 'c' is not defined"><![CDATA[Traceback (most recent call last):
  File "C:\Users\kwesi\AppData\Local\Programs\Python\Python314\Lib\unittest\case.py", line 58, in testPartExecutor
    yield
  File "C:\Users\kwesi\AppData\Local\Programs\Python\Python314\Lib\unittest\case.py", line 565, in subTest
    yield
  File "c:\users\kwesi\pycharmprojects\g87.2026.t11.ge3\src\unittest\python\test_register_project_tests.py", line 98, in test_parametrized_cases_tests
    valor = mngr.register_project(company_cif=enterprise_cif,
    
  File "c:\users\kwesi\pycharmprojects\g87.2026.t11.ge3\src\main\python\uc3m_consulting\enterprise_manager.py", line 91, in register_project
    self.validate_cif(company_cif)
    ^^^^^^^^^^^^^^^
  File "c:\users\kwesi\pycharmprojects\g87.2026.t11.ge3\src\main\python\uc3m_consulting\enterprise_manager.py", line 25, in validate_cif
    if not p.fullmatch(c):
    ^^^^^^^^^^^^^^^
NameError: name 'c' is not defined
]]></error>
	</testcase>
	<testcase classname="test_register_project_tests.TestRegisterProjectTest" name="test_parametrized_cases_tests [TC48INVALID]" time="0.000" timestamp="0001-01-01T00:00:00">
		<error type="NameError" message="name 'c' is not defined"><![CDATA[Traceback (most recent call last):
  File "C:\Users\kwesi\AppData\Local\Programs\Python\Python314\Lib\unittest\case.py", line 58, in testPartExecutor
    yield
  File "C:\Users\kwesi\AppData\Local\Programs\Python\Python314\Lib\unittest\case.py", line 565, in subTest
    yield
  File "c:\users\kwesi\pycharmprojects\g87.2026.t11.ge3\src\unittest\python\test_register_project_tests.py", line 98, in test_parametrized_cases_tests
    valor = mngr.register_project(company_cif=enterprise_cif,
    
  File "c:\users\kwesi\pycharmprojects\g87.2026.t11.ge3\src\main\python\uc3m_consulting\enterprise_manager.py", line 91, in register_project
    self.validate_cif(company_cif)
    ^^^^^^^^^^^^^^^
  File "c:\users\kwesi\pycharmprojects\g87.2026.t11.ge3\src\main\python\uc3m_consulting\enterprise_manager.py", line 25, in validate_cif
    if not p.fullmatch(c):
    ^^^^^^^^^^^^^^^
NameError: name 'c' is not defined
]]></error>
	</testcase>
	<testcase classname="test_register_project_tests.TestRegisterProjectTest" name="test_parametrized_cases_tests [TC49INVALID]" time="0.000" timestamp="0001-01-01T00:00:00">
		<error type="NameError" message="name 'c' is not defined"><![CDATA[Traceback (most recent call last):
  File "C:\Users\kwesi\AppData\Local\Programs\Python\Python314\Lib\unittest\case.py", line 58, in testPartExecutor
    yield
  File "C:\Users\kwesi\AppData\Local\Programs\Python\Python314\Lib\unittest\case.py", line 565, in subTest
    yield
  File "c:\users\kwesi\pycharmprojects\g87.2026.t11.ge3\src\unittest\python\test_register_project_tests.py", line 98, in test_parametrized_cases_tests
    valor = mngr.register_project(company_cif=enterprise_cif,
    
  File "c:\users\kwesi\pycharmprojects\g87.2026.t11.ge3\src\main\python\uc3m_consulting\enterprise_manager.py", line 91, in register_project
    self.validate_cif(company_cif)
    ^^^^^^^^^^^^^^^
  File "c:\users\kwesi\pycharmprojects\g87.2026.t11.ge3\src\main\python\uc3m_consulting\enterprise_manager.py", line 25, in validate_cif
    if not p.fullmatch(c):
    ^^^^^^^^^^^^^^^
NameError: name 'c' is not defined
]]></error>
	</testcase>
	<testcase classname="test_register_project_tests.TestRegisterProjectTest" name="test_parametrized_cases_tests [TC50INVALID]" time="0.000" timestamp="0001-01-01T00:00:00">
		<error type="NameError" message="name 'c' is not defined"><![CDATA[Traceback (most recent call last):
  File "C:\Users\kwesi\AppData\Local\Programs\Python\Python314\Lib\unittest\case.py", line 58, in testPartExecutor
    yield
  File "C:\Users\kwesi\AppData\Local\Programs\Python\Python314\Lib\unittest\case.py", line 565, in subTest
    yield
  File "c:\users\kwesi\pycharmprojects\g87.2026.t11.ge3\src\unittest\python\test_register_project_tests.py", line 98, in test_parametrized_cases_tests
    valor = mngr.register_project(company_cif=enterprise_cif,
    
  File "c:\users\kwesi\pycharmprojects\g87.2026.t11.ge3\src\main\python\uc3m_consulting\enterprise_manager.py", line 91, in register_project
    self.validate_cif(company_cif)
    ^^^^^^^^^^^^^^^
  File "c:\users\kwesi\pycharmprojects\g87.2026.t11.ge3\src\main\python\uc3m_consulting\enterprise_manager.py", line 25, in validate_cif
    if not p.fullmatch(c):
    ^^^^^^^^^^^^^^^
NameError: name 'c' is not defined
]]></error>
	</testcase>
	<testcase classname="test_register_project_tests.TestRegisterProjectTest" name="test_parametrized_cases_tests [TC51INVALID]" time="0.000" timestamp="0001-01-01T00:00:00">
		<error type="NameError" message="name 'c' is not defined"><![CDATA[Traceback (most recent call last):
  File "C:\Users\kwesi\AppData\Local\Programs\Python\Python314\Lib\unittest\case.py", line 58, in testPartExecutor
    yield
  File "C:\Users\kwesi\AppData\Local\Programs\Python\Python314\Lib\unittest\case.py", line 565, in subTest
    yield
  File "c:\users\kwesi\pycharmprojects\g87.2026.t11.ge3\src\unittest\python\test_register_project_tests.py", line 98, in test_parametrized_cases_tests
    valor = mngr.register_project(company_cif=enterprise_cif,
    
  File "c:\users\kwesi\pycharmprojects\g87.2026.t11.ge3\src\main\python\uc3m_consulting\enterprise_manager.py", line 91, in register_project
    self.validate_cif(company_cif)
    ^^^^^^^^^^^^^^^
  File "c:\users\kwesi\pycharmprojects\g87.2026.t11.ge3\src\main\python\uc3m_consulting\enterprise_manager.py", line 25, in validate_cif
    if not p.fullmatch(c):
    ^^^^^^^^^^^^^^^
NameError: name 'c' is not defined
]]></error>
	</testcase>
	<testcase classname="test_register_project_tests.TestRegisterProjectTest" name="test_parametrized_cases_tests [TC52INVALID]" time="0.000" timestamp="0001-01-01T00:00:00">
		<error type="NameError" message="name 'c' is not defined"><![CDATA[Traceback (most recent call last):
  File "C:\Users\kwesi\AppData\Local\Programs\Python\Python314\Lib\unittest\case.py", line 58, in testPartExecutor
    yield
  File "C:\Users\kwesi\AppData\Local\Programs\Python\Python314\Lib\unittest\case.py", line 565, in subTest
    yield
  File "c:\users\kwesi\pycharmprojects\g87.2026.t11.ge3\src\unittest\python\test_register_project_tests.py", line 98, in test_parametrized_cases_tests
    valor = mngr.register_project(company_cif=enterprise_cif,
    
  File "c:\users\kwesi\pycharmprojects\g87.2026.t11.ge3\src\main\python\uc3m_consulting\enterprise_manager.py", line 91, in register_project
    self.validate_cif(company_cif)
    ^^^^^^^^^^^^^^^
  File "c:\users\kwesi\pycharmprojects\g87.2026.t11.ge3\src\main\python\uc3m_consulting\enterprise_manager.py", line 25, in validate_cif
    if not p.fullmatch(c):
    ^^^^^^^^^^^^^^^
NameError: name 'c' is not defined
]]></error>
	</testcase>
	<testcase classname="test_register_project_tests.TestRegisterProjectTest" name="test_parametrized_cases_tests [TC53INVALID]" time="0.000" timestamp="0001-01-01T00:00:00">
		<error type="NameError" message="name 'c' is not defined"><![CDATA[Traceback (most recent call last):
  File "C:\Users\kwesi\AppData\Local\Programs\Python\Python314\Lib\unittest\case.py", line 58, in testPartExecutor
    yield
  File "C:\Users\kwesi\AppData\Local\Programs\Python\Python314\Lib\unittest\case.py", line 565, in subTest
    yield
  File "c:\users\kwesi\pycharmprojects\g87.2026.t11.ge3\src\unittest\python\test_register_project_tests.py", line 98, in test_parametrized_cases_tests
    valor = mngr.register_project(company_cif=enterprise_cif,
    
  File "c:\users\kwesi\pycharmprojects\g87.2026.t11.ge3\src\main\python\uc3m_consulting\enterprise_manager.py", line 91, in register_project
    self.validate_cif(company_cif)
    ^^^^^^^^^^^^^^^
  File "c:\users\kwesi\pycharmprojects\g87.2026.t11.ge3\src\main\python\uc3m_consulting\enterprise_manager.py", line 25, in validate_cif
    if not p.fullmatch(c):
    ^^^^^^^^^^^^^^^
NameError: name 'c' is not defined
]]></error>
	</testcase>
	<testcase classname="test_register_project_tests.TestRegisterProjectTest" name="test_parametrized_cases_tests [TC54INVALID]" time="0.393" timestamp="2026-04-23T12:04:42">
		<error type="NameError" message="name 'c' is not defined"><![CDATA[Traceback (most recent call last):
  File "C:\Users\kwesi\AppData\Local\Programs\Python\Python314\Lib\unittest\case.py", line 58, in testPartExecutor
    yield
  File "C:\Users\kwesi\AppData\Local\Programs\Python\Python314\Lib\unittest\case.py", line 565, in subTest
    yield
  File "c:\users\kwesi\pycharmprojects\g87.2026.t11.ge3\src\unittest\python\test_register_project_tests.py", line 98, in test_parametrized_cases_tests
    valor = mngr.register_project(company_cif=enterprise_cif,
    
  File "c:\users\kwesi\pycharmprojects\g87.2026.t11.ge3\src\main\python\uc3m_consulting\enterprise_manager.py", line 91, in register_project
    self.validate_cif(company_cif)
    ^^^^^^^^^^^^^^^
  File "c:\users\kwesi\pycharmprojects\g87.2026.t11.ge3\src\main\python\uc3m_consulting\enterprise_manager.py", line 25, in validate_cif
    if not p.fullmatch(c):
    ^^^^^^^^^^^^^^^
NameError: name 'c' is not defined
]]></error>
	</testcase>
	<testcase classname="test_register_project_tests.TestRegisterProjectTest" name="test_project_for_today" time="0.007" timestamp="2026-04-23T12:04:42">
		<error type="NameError" message="name 'c' is not defined"><![CDATA[Traceback (most recent call last):
  File "C:\Users\kwesi\AppData\Local\Programs\Python\Python314\Lib\unittest\case.py", line 58, in testPartExecutor
    yield
  File "C:\Users\kwesi\AppData\Local\Programs\Python\Python314\Lib\unittest\case.py", line 669, in run
    self._callTestMethod(testMethod)
    
  File "C:\Users\kwesi\AppData\Local\Programs\Python\Python314\Lib\unittest\case.py", line 615, in _callTestMethod
    result = method()
    ^^^^^^^^^^^^^^^
  File "C:\Users\kwesi\PycharmProjects\G87.2026.T11.GE3\.venv\Lib\site-packages\freezegun\api.py", line 951, in wrapper
    return self._call_with_time_factory(time_factory, func=func, args=args, kwargs=kwargs)
    ^^^^^^^
  File "C:\Users\kwesi\PycharmProjects\G87.2026.T11.GE3\.venv\Lib\site-packages\freezegun\api.py", line 934, in _call_with_time_factory
    result = func(*args, **kwargs)
    ^^^^^^^^^^^
  File "c:\users\kwesi\pycharmprojects\g87.2026.t11.ge3\src\unittest\python\test_register_project_tests.py", line 168, in test_project_for_today
    my_request = mngr.register_project(company_cif=enterprise_cif,
    ^^^^^^^^^^^^^^^
  File "c:\users\kwesi\pycharmprojects\g87.2026.t11.ge3\src\main\python\uc3m_consulting\enterprise_manager.py", line 91, in register_project
    self.validate_cif(company_cif)
    ^^^^^^^^^^^^^^^
  File "c:\users\kwesi\pycharmprojects\g87.2026.t11.ge3\src\main\python\uc3m_consulting\enterprise_manager.py", line 25, in validate_cif
    if not p.fullmatch(c):
    ^^^^^^^^^^^^^^^
NameError: name 'c' is not defined
]]></error>
	</testcase>
	<testcase classname="test_register_project_tests.TestRegisterProjectTest" name="test_project_for_tomorrow" time="0.007" timestamp="2026-04-23T12:04:42">
		<error type="NameError" message="name 'c' is not defined"><![CDATA[Traceback (most recent call last):
  File "C:\Users\kwesi\AppData\Local\Programs\Python\Python314\Lib\unittest\case.py", line 58, in testPartExecutor
    yield
  File "C:\Users\kwesi\AppData\Local\Programs\Python\Python314\Lib\unittest\case.py", line 669, in run
    self._callTestMethod(testMethod)
    
  File "C:\Users\kwesi\AppData\Local\Programs\Python\Python314\Lib\unittest\case.py", line 615, in _callTestMethod
    result = method()
    ^^^^^^^^^^^^^^^
  File "C:\Users\kwesi\PycharmProjects\G87.2026.T11.GE3\.venv\Lib\site-packages\freezegun\api.py", line 951, in wrapper
    return self._call_with_time_factory(time_factory, func=func, args=args, kwargs=kwargs)
    ^^^^^^^
  File "C:\Users\kwesi\PycharmProjects\G87.2026.T11.GE3\.venv\Lib\site-packages\freezegun\api.py", line 934, in _call_with_time_factory
    result = func(*args, **kwargs)
    ^^^^^^^^^^^
  File "c:\users\kwesi\pycharmprojects\g87.2026.t11.ge3\src\unittest\python\test_register_project_tests.py", line 202, in test_project_for_tomorrow
    my_request = mngr.register_project(company_cif=enterprise_cif,
    ^^^^^^^^^^^^^^^
  File "c:\users\kwesi\pycharmprojects\g87.2026.t11.ge3\src\main\python\uc3m_consulting\enterprise_manager.py", line 91, in register_project
    self.validate_cif(company_cif)
    ^^^^^^^^^^^^^^^
  File "c:\users\kwesi\pycharmprojects\g87.2026.t11.ge3\src\main\python\uc3m_consulting\enterprise_manager.py", line 25, in validate_cif
    if not p.fullmatch(c):
    ^^^^^^^^^^^^^^^
NameError: name 'c' is not defined
]]></error>
	</testcase>
	<testcase classname="test_register_project_tests.TestRegisterProjectTest" name="test_project_yesterday_test" time="0.007" timestamp="2026-04-23T12:04:42">
		<error type="NameError" message="name 'c' is not defined"><![CDATA[Traceback (most recent call last):
  File "C:\Users\kwesi\AppData\Local\Programs\Python\Python314\Lib\unittest\case.py", line 58, in testPartExecutor
    yield
  File "C:\Users\kwesi\AppData\Local\Programs\Python\Python314\Lib\unittest\case.py", line 669, in run
    self._callTestMethod(testMethod)
    
  File "C:\Users\kwesi\AppData\Local\Programs\Python\Python314\Lib\unittest\case.py", line 615, in _callTestMethod
    result = method()
    ^^^^^^^^^^^^^^^
  File "C:\Users\kwesi\PycharmProjects\G87.2026.T11.GE3\.venv\Lib\site-packages\freezegun\api.py", line 951, in wrapper
    return self._call_with_time_factory(time_factory, func=func, args=args, kwargs=kwargs)
    ^^^^^^^
  File "C:\Users\kwesi\PycharmProjects\G87.2026.T11.GE3\.venv\Lib\site-packages\freezegun\api.py", line 934, in _call_with_time_factory
    result = func(*args, **kwargs)
    ^^^^^^^^^^^
  File "c:\users\kwesi\pycharmprojects\g87.2026.t11.ge3\src\unittest\python\test_register_project_tests.py", line 244, in test_project_yesterday_test
    mngr.register_project(company_cif=enterprise_cif,
    ^^^^^^^^^^^
  File "c:\users\kwesi\pycharmprojects\g87.2026.t11.ge3\src\main\python\uc3m_consulting\enterprise_manager.py", line 91, in register_project
    self.validate_cif(company_cif)
    ^^^^^^^^^^^^^^^
  File "c:\users\kwesi\pycharmprojects\g87.2026.t11.ge3\src\main\python\uc3m_consulting\enterprise_manager.py", line 25, in validate_cif
    if not p.fullmatch(c):
    ^^^^^^^^^^^^^^^
NameError: name 'c' is not defined
]]></error>
	</testcase>
</testsuite>
